2022-07-23 00:08:08,359 [Worker-6: Loading available Gradle versions] INFO  o.e.b.c.i.u.g.PublishedGradleVersions - Gradle version information cache is up-to-date. Trying to read.
2023-05-26 01:40:09,702 [Worker-7: Loading available Gradle versions] INFO  o.e.b.c.i.u.g.PublishedGradleVersions - Gradle version information cache is up-to-date. Trying to read.
2023-05-26 01:42:49,766 [Worker-15: Maven プロジェクト構成の更新] INFO  o.e.m.c.i.p.ProjectConfigurationManager - Update started
2023-05-26 01:42:51,127 [Worker-15: Maven プロジェクト構成の更新] INFO  o.e.m.c.i.l.LifecycleMappingFactory - Using org.eclipse.m2e.jdt.JarLifecycleMapping lifecycle mapping for MavenProject: com.example:web-2:0.0.1-SNAPSHOT @ /Users/katsumatayuusuke/git/JavaStudy/web/pom.xml.
2023-05-26 01:42:53,842 [Worker-15: Maven プロジェクト構成の更新] INFO  o.e.m.j.i.AbstractJavaProjectConfigurator - Adding source folder /web/src/main/java
2023-05-26 01:42:53,844 [Worker-15: Maven プロジェクト構成の更新] INFO  o.e.m.j.i.AbstractJavaProjectConfigurator - Adding resource folder /web/src/main/resources
2023-05-26 01:42:53,888 [Worker-15: Maven プロジェクト構成の更新] INFO  o.e.m.j.i.AbstractJavaProjectConfigurator - Adding resource folder /web/src/main/resources
2023-05-26 01:42:53,908 [Worker-15: Maven プロジェクト構成の更新] INFO  o.e.m.j.i.AbstractJavaProjectConfigurator - Adding source folder /web/src/test/java
2023-05-26 01:42:55,363 [Worker-15: Maven プロジェクト構成の更新] INFO  o.e.m.c.i.p.ProjectConfigurationManager - Update completed: 5 sec
2023-05-26 01:42:55,984 [Worker-16: ビルド] INFO  o.e.m.c.i.embedder.EclipseLogger - Using 'UTF-8' encoding to copy filtered resources.
2023-05-26 01:42:55,984 [Worker-16: ビルド] INFO  o.e.m.c.i.embedder.EclipseLogger - Using 'UTF-8' encoding to copy filtered properties files.
2023-05-26 01:42:55,989 [Worker-16: ビルド] INFO  o.e.m.c.i.embedder.EclipseLogger - Copying 1 resource
2023-05-26 01:42:56,002 [Worker-16: ビルド] INFO  o.e.m.c.i.embedder.EclipseLogger - Copying 6 resources
2023-05-26 01:42:56,009 [Worker-16: ビルド] INFO  o.e.m.c.i.embedder.EclipseLogger - Using 'UTF-8' encoding to copy filtered resources.
2023-05-26 01:42:56,010 [Worker-16: ビルド] INFO  o.e.m.c.i.embedder.EclipseLogger - Using 'UTF-8' encoding to copy filtered properties files.
2023-05-26 01:42:56,010 [Worker-16: ビルド] INFO  o.e.m.c.i.embedder.EclipseLogger - skip non existing resourceDirectory /Users/katsumatayuusuke/git/JavaStudy/web/src/test/resources
2023-05-26 01:45:02,391 [Worker-12: Maven プロジェクト構成の更新] INFO  o.e.m.c.i.p.ProjectConfigurationManager - Update started
2023-05-26 01:45:02,823 [Worker-12: Maven プロジェクト構成の更新] INFO  o.e.m.c.i.l.LifecycleMappingFactory - Using org.eclipse.m2e.jdt.JarLifecycleMapping lifecycle mapping for MavenProject: com.example:web-2:0.0.1-SNAPSHOT @ /Users/katsumatayuusuke/git/JavaStudy/web/pom.xml.
2023-05-26 01:45:03,903 [Worker-12: Maven プロジェクト構成の更新] INFO  o.e.m.j.i.AbstractJavaProjectConfigurator - Adding source folder /web/src/main/java
2023-05-26 01:45:03,904 [Worker-12: Maven プロジェクト構成の更新] INFO  o.e.m.j.i.AbstractJavaProjectConfigurator - Adding resource folder /web/src/main/resources
2023-05-26 01:45:03,909 [Worker-12: Maven プロジェクト構成の更新] INFO  o.e.m.j.i.AbstractJavaProjectConfigurator - Adding resource folder /web/src/main/resources
2023-05-26 01:45:03,919 [Worker-12: Maven プロジェクト構成の更新] INFO  o.e.m.j.i.AbstractJavaProjectConfigurator - Adding source folder /web/src/test/java
2023-05-26 01:45:04,151 [Worker-12: Maven プロジェクト構成の更新] INFO  o.e.m.c.i.p.ProjectConfigurationManager - Update completed: 1 sec
2023-05-26 01:45:04,778 [Worker-12: ビルド] INFO  o.e.m.c.i.embedder.EclipseLogger - Using 'UTF-8' encoding to copy filtered resources.
2023-05-26 01:45:04,778 [Worker-12: ビルド] INFO  o.e.m.c.i.embedder.EclipseLogger - Using 'UTF-8' encoding to copy filtered properties files.
2023-05-26 01:45:04,780 [Worker-12: ビルド] INFO  o.e.m.c.i.embedder.EclipseLogger - Copying 1 resource
2023-05-26 01:45:04,796 [Worker-12: ビルド] INFO  o.e.m.c.i.embedder.EclipseLogger - Copying 6 resources
2023-05-26 01:45:04,802 [Worker-12: ビルド] INFO  o.e.m.c.i.embedder.EclipseLogger - Using 'UTF-8' encoding to copy filtered resources.
2023-05-26 01:45:04,802 [Worker-12: ビルド] INFO  o.e.m.c.i.embedder.EclipseLogger - Using 'UTF-8' encoding to copy filtered properties files.
2023-05-26 01:45:04,802 [Worker-12: ビルド] INFO  o.e.m.c.i.embedder.EclipseLogger - skip non existing resourceDirectory /Users/katsumatayuusuke/git/JavaStudy/web/src/test/resources
2023-05-26 01:46:28,638 [Worker-7: Loading available Gradle versions] INFO  o.e.b.c.i.u.g.PublishedGradleVersions - Gradle version information cache is up-to-date. Trying to read.
2023-05-27 15:23:14,764 [Worker-22: ビルド] INFO  o.e.m.c.i.embedder.EclipseLogger - Using 'UTF-8' encoding to copy filtered resources.
2023-05-27 15:23:14,772 [Worker-22: ビルド] INFO  o.e.m.c.i.embedder.EclipseLogger - Using 'UTF-8' encoding to copy filtered properties files.
2023-05-27 15:23:14,778 [Worker-22: ビルド] INFO  o.e.m.c.i.embedder.EclipseLogger - Copying 1 resource
2023-05-27 15:23:15,084 [Worker-22: ビルド] INFO  o.e.m.c.i.embedder.EclipseLogger - Copying 6 resources
2023-05-27 15:23:15,100 [Worker-22: ビルド] INFO  o.e.m.c.i.embedder.EclipseLogger - Using 'UTF-8' encoding to copy filtered resources.
2023-05-27 15:23:15,100 [Worker-22: ビルド] INFO  o.e.m.c.i.embedder.EclipseLogger - Using 'UTF-8' encoding to copy filtered properties files.
2023-05-27 15:23:15,100 [Worker-22: ビルド] INFO  o.e.m.c.i.embedder.EclipseLogger - skip non existing resourceDirectory /Users/katsumatayuusuke/git/JavaStudy/web/src/test/resources
2023-05-27 15:23:37,484 [Worker-24: ビルド] INFO  o.e.m.c.i.embedder.EclipseLogger - Using 'UTF-8' encoding to copy filtered resources.
2023-05-27 15:23:37,486 [Worker-24: ビルド] INFO  o.e.m.c.i.embedder.EclipseLogger - Using 'UTF-8' encoding to copy filtered properties files.
2023-05-27 15:23:37,493 [Worker-24: ビルド] INFO  o.e.m.c.i.embedder.EclipseLogger - Copying 1 resource
2023-05-27 15:23:37,598 [Worker-24: ビルド] INFO  o.e.m.c.i.embedder.EclipseLogger - Copying 6 resources
2023-05-27 15:23:37,601 [Worker-24: ビルド] INFO  o.e.m.c.i.embedder.EclipseLogger - Using 'UTF-8' encoding to copy filtered resources.
2023-05-27 15:23:37,601 [Worker-24: ビルド] INFO  o.e.m.c.i.embedder.EclipseLogger - Using 'UTF-8' encoding to copy filtered properties files.
2023-05-27 15:23:37,601 [Worker-24: ビルド] INFO  o.e.m.c.i.embedder.EclipseLogger - skip non existing resourceDirectory /Users/katsumatayuusuke/git/JavaStudy/web/src/test/resources
2023-05-27 15:24:58,289 [Worker-20: ビルド] INFO  o.e.m.c.i.embedder.EclipseLogger - Using 'UTF-8' encoding to copy filtered resources.
2023-05-27 15:24:58,294 [Worker-20: ビルド] INFO  o.e.m.c.i.embedder.EclipseLogger - Using 'UTF-8' encoding to copy filtered properties files.
2023-05-27 15:24:58,299 [Worker-20: ビルド] INFO  o.e.m.c.i.embedder.EclipseLogger - Copying 1 resource
2023-05-27 15:24:58,566 [Worker-20: ビルド] INFO  o.e.m.c.i.embedder.EclipseLogger - Copying 6 resources
2023-05-27 15:24:58,568 [Worker-20: ビルド] INFO  o.e.m.c.i.embedder.EclipseLogger - Using 'UTF-8' encoding to copy filtered resources.
2023-05-27 15:24:58,569 [Worker-20: ビルド] INFO  o.e.m.c.i.embedder.EclipseLogger - Using 'UTF-8' encoding to copy filtered properties files.
2023-05-27 15:24:58,569 [Worker-20: ビルド] INFO  o.e.m.c.i.embedder.EclipseLogger - skip non existing resourceDirectory /Users/katsumatayuusuke/git/JavaStudy/web/src/test/resources
2023-05-27 15:25:45,098 [Worker-27: ビルド] INFO  o.e.m.c.i.embedder.EclipseLogger - Using 'UTF-8' encoding to copy filtered resources.
2023-05-27 15:25:45,111 [Worker-27: ビルド] INFO  o.e.m.c.i.embedder.EclipseLogger - Using 'UTF-8' encoding to copy filtered properties files.
2023-05-27 15:25:45,117 [Worker-27: ビルド] INFO  o.e.m.c.i.embedder.EclipseLogger - Copying 1 resource
2023-05-27 15:25:45,292 [Worker-27: ビルド] INFO  o.e.m.c.i.embedder.EclipseLogger - Copying 6 resources
2023-05-27 15:25:45,299 [Worker-27: ビルド] INFO  o.e.m.c.i.embedder.EclipseLogger - Using 'UTF-8' encoding to copy filtered resources.
2023-05-27 15:25:45,300 [Worker-27: ビルド] INFO  o.e.m.c.i.embedder.EclipseLogger - Using 'UTF-8' encoding to copy filtered properties files.
2023-05-27 15:25:45,300 [Worker-27: ビルド] INFO  o.e.m.c.i.embedder.EclipseLogger - skip non existing resourceDirectory /Users/katsumatayuusuke/git/JavaStudy/web/src/test/resources
2023-05-27 15:26:36,247 [Worker-27: ビルド] INFO  o.e.m.c.i.embedder.EclipseLogger - Using 'UTF-8' encoding to copy filtered resources.
2023-05-27 15:26:36,261 [Worker-27: ビルド] INFO  o.e.m.c.i.embedder.EclipseLogger - Using 'UTF-8' encoding to copy filtered properties files.
2023-05-27 15:26:36,278 [Worker-27: ビルド] INFO  o.e.m.c.i.embedder.EclipseLogger - Copying 1 resource
2023-05-27 15:26:36,970 [Worker-27: ビルド] INFO  o.e.m.c.i.embedder.EclipseLogger - Copying 6 resources
2023-05-27 15:26:36,977 [Worker-27: ビルド] INFO  o.e.m.c.i.embedder.EclipseLogger - Using 'UTF-8' encoding to copy filtered resources.
2023-05-27 15:26:36,978 [Worker-27: ビルド] INFO  o.e.m.c.i.embedder.EclipseLogger - Using 'UTF-8' encoding to copy filtered properties files.
2023-05-27 15:26:36,978 [Worker-27: ビルド] INFO  o.e.m.c.i.embedder.EclipseLogger - skip non existing resourceDirectory /Users/katsumatayuusuke/git/JavaStudy/web/src/test/resources
2023-05-27 15:26:51,936 [Worker-24: ビルド] INFO  o.e.m.c.i.embedder.EclipseLogger - Using 'UTF-8' encoding to copy filtered resources.
2023-05-27 15:26:51,947 [Worker-24: ビルド] INFO  o.e.m.c.i.embedder.EclipseLogger - Using 'UTF-8' encoding to copy filtered properties files.
2023-05-27 15:26:51,956 [Worker-24: ビルド] INFO  o.e.m.c.i.embedder.EclipseLogger - Copying 1 resource
2023-05-27 15:26:52,236 [Worker-24: ビルド] INFO  o.e.m.c.i.embedder.EclipseLogger - Copying 6 resources
2023-05-27 15:26:52,244 [Worker-24: ビルド] INFO  o.e.m.c.i.embedder.EclipseLogger - Using 'UTF-8' encoding to copy filtered resources.
2023-05-27 15:26:52,244 [Worker-24: ビルド] INFO  o.e.m.c.i.embedder.EclipseLogger - Using 'UTF-8' encoding to copy filtered properties files.
2023-05-27 15:26:52,244 [Worker-24: ビルド] INFO  o.e.m.c.i.embedder.EclipseLogger - skip non existing resourceDirectory /Users/katsumatayuusuke/git/JavaStudy/web/src/test/resources
2023-05-27 15:27:17,749 [Worker-27: ビルド] INFO  o.e.m.c.i.embedder.EclipseLogger - Using 'UTF-8' encoding to copy filtered resources.
2023-05-27 15:27:17,750 [Worker-27: ビルド] INFO  o.e.m.c.i.embedder.EclipseLogger - Using 'UTF-8' encoding to copy filtered properties files.
2023-05-27 15:27:17,752 [Worker-27: ビルド] INFO  o.e.m.c.i.embedder.EclipseLogger - Copying 1 resource
2023-05-27 15:27:17,967 [Worker-27: ビルド] INFO  o.e.m.c.i.embedder.EclipseLogger - Copying 6 resources
2023-05-27 15:27:17,980 [Worker-27: ビルド] INFO  o.e.m.c.i.embedder.EclipseLogger - Using 'UTF-8' encoding to copy filtered resources.
2023-05-27 15:27:17,981 [Worker-27: ビルド] INFO  o.e.m.c.i.embedder.EclipseLogger - Using 'UTF-8' encoding to copy filtered properties files.
2023-05-27 15:27:17,981 [Worker-27: ビルド] INFO  o.e.m.c.i.embedder.EclipseLogger - skip non existing resourceDirectory /Users/katsumatayuusuke/git/JavaStudy/web/src/test/resources
2023-05-27 15:27:36,918 [Worker-24: ビルド] INFO  o.e.m.c.i.embedder.EclipseLogger - Using 'UTF-8' encoding to copy filtered resources.
2023-05-27 15:27:36,919 [Worker-24: ビルド] INFO  o.e.m.c.i.embedder.EclipseLogger - Using 'UTF-8' encoding to copy filtered properties files.
2023-05-27 15:27:36,920 [Worker-24: ビルド] INFO  o.e.m.c.i.embedder.EclipseLogger - Copying 1 resource
2023-05-27 15:27:37,197 [Worker-24: ビルド] INFO  o.e.m.c.i.embedder.EclipseLogger - Copying 6 resources
2023-05-27 15:27:37,248 [Worker-24: ビルド] INFO  o.e.m.c.i.embedder.EclipseLogger - Using 'UTF-8' encoding to copy filtered resources.
2023-05-27 15:27:37,248 [Worker-24: ビルド] INFO  o.e.m.c.i.embedder.EclipseLogger - Using 'UTF-8' encoding to copy filtered properties files.
2023-05-27 15:27:37,248 [Worker-24: ビルド] INFO  o.e.m.c.i.embedder.EclipseLogger - skip non existing resourceDirectory /Users/katsumatayuusuke/git/JavaStudy/web/src/test/resources
2023-05-27 15:28:03,586 [Worker-20: ビルド] INFO  o.e.m.c.i.embedder.EclipseLogger - Using 'UTF-8' encoding to copy filtered resources.
2023-05-27 15:28:03,595 [Worker-20: ビルド] INFO  o.e.m.c.i.embedder.EclipseLogger - Using 'UTF-8' encoding to copy filtered properties files.
2023-05-27 15:28:03,597 [Worker-20: ビルド] INFO  o.e.m.c.i.embedder.EclipseLogger - Copying 1 resource
2023-05-27 15:28:03,716 [Worker-20: ビルド] INFO  o.e.m.c.i.embedder.EclipseLogger - Copying 6 resources
2023-05-27 15:28:03,718 [Worker-20: ビルド] INFO  o.e.m.c.i.embedder.EclipseLogger - Using 'UTF-8' encoding to copy filtered resources.
2023-05-27 15:28:03,718 [Worker-20: ビルド] INFO  o.e.m.c.i.embedder.EclipseLogger - Using 'UTF-8' encoding to copy filtered properties files.
2023-05-27 15:28:03,718 [Worker-20: ビルド] INFO  o.e.m.c.i.embedder.EclipseLogger - skip non existing resourceDirectory /Users/katsumatayuusuke/git/JavaStudy/web/src/test/resources
2023-05-27 15:28:17,820 [Worker-29: ビルド] INFO  o.e.m.c.i.embedder.EclipseLogger - Using 'UTF-8' encoding to copy filtered resources.
2023-05-27 15:28:17,830 [Worker-29: ビルド] INFO  o.e.m.c.i.embedder.EclipseLogger - Using 'UTF-8' encoding to copy filtered properties files.
2023-05-27 15:28:17,833 [Worker-29: ビルド] INFO  o.e.m.c.i.embedder.EclipseLogger - Copying 1 resource
2023-05-27 15:28:18,085 [Worker-29: ビルド] INFO  o.e.m.c.i.embedder.EclipseLogger - Copying 6 resources
2023-05-27 15:28:18,162 [Worker-29: ビルド] INFO  o.e.m.c.i.embedder.EclipseLogger - Using 'UTF-8' encoding to copy filtered resources.
2023-05-27 15:28:18,162 [Worker-29: ビルド] INFO  o.e.m.c.i.embedder.EclipseLogger - Using 'UTF-8' encoding to copy filtered properties files.
2023-05-27 15:28:18,162 [Worker-29: ビルド] INFO  o.e.m.c.i.embedder.EclipseLogger - skip non existing resourceDirectory /Users/katsumatayuusuke/git/JavaStudy/web/src/test/resources
2023-05-27 15:28:40,278 [Worker-25: ビルド] INFO  o.e.m.c.i.embedder.EclipseLogger - Using 'UTF-8' encoding to copy filtered resources.
2023-05-27 15:28:40,286 [Worker-25: ビルド] INFO  o.e.m.c.i.embedder.EclipseLogger - Using 'UTF-8' encoding to copy filtered properties files.
2023-05-27 15:28:40,290 [Worker-25: ビルド] INFO  o.e.m.c.i.embedder.EclipseLogger - Copying 1 resource
2023-05-27 15:28:40,443 [Worker-25: ビルド] INFO  o.e.m.c.i.embedder.EclipseLogger - Copying 6 resources
2023-05-27 15:28:40,448 [Worker-25: ビルド] INFO  o.e.m.c.i.embedder.EclipseLogger - Using 'UTF-8' encoding to copy filtered resources.
2023-05-27 15:28:40,449 [Worker-25: ビルド] INFO  o.e.m.c.i.embedder.EclipseLogger - Using 'UTF-8' encoding to copy filtered properties files.
2023-05-27 15:28:40,449 [Worker-25: ビルド] INFO  o.e.m.c.i.embedder.EclipseLogger - skip non existing resourceDirectory /Users/katsumatayuusuke/git/JavaStudy/web/src/test/resources
2023-05-27 15:34:34,634 [Worker-31: ビルド] INFO  o.e.m.c.i.embedder.EclipseLogger - Using 'UTF-8' encoding to copy filtered resources.
2023-05-27 15:34:34,637 [Worker-31: ビルド] INFO  o.e.m.c.i.embedder.EclipseLogger - Using 'UTF-8' encoding to copy filtered properties files.
2023-05-27 15:34:34,642 [Worker-31: ビルド] INFO  o.e.m.c.i.embedder.EclipseLogger - Copying 1 resource
2023-05-27 15:34:35,077 [Worker-31: ビルド] INFO  o.e.m.c.i.embedder.EclipseLogger - Copying 6 resources
2023-05-27 15:34:35,082 [Worker-31: ビルド] INFO  o.e.m.c.i.embedder.EclipseLogger - Using 'UTF-8' encoding to copy filtered resources.
2023-05-27 15:34:35,082 [Worker-31: ビルド] INFO  o.e.m.c.i.embedder.EclipseLogger - Using 'UTF-8' encoding to copy filtered properties files.
2023-05-27 15:34:35,083 [Worker-31: ビルド] INFO  o.e.m.c.i.embedder.EclipseLogger - skip non existing resourceDirectory /Users/katsumatayuusuke/git/JavaStudy/web/src/test/resources
2023-05-27 15:34:49,998 [Worker-29: ビルド] INFO  o.e.m.c.i.embedder.EclipseLogger - Using 'UTF-8' encoding to copy filtered resources.
2023-05-27 15:34:49,998 [Worker-29: ビルド] INFO  o.e.m.c.i.embedder.EclipseLogger - Using 'UTF-8' encoding to copy filtered properties files.
2023-05-27 15:34:50,000 [Worker-29: ビルド] INFO  o.e.m.c.i.embedder.EclipseLogger - Copying 1 resource
2023-05-27 15:34:50,418 [Worker-29: ビルド] INFO  o.e.m.c.i.embedder.EclipseLogger - Copying 6 resources
2023-05-27 15:34:50,423 [Worker-29: ビルド] INFO  o.e.m.c.i.embedder.EclipseLogger - Using 'UTF-8' encoding to copy filtered resources.
2023-05-27 15:34:50,423 [Worker-29: ビルド] INFO  o.e.m.c.i.embedder.EclipseLogger - Using 'UTF-8' encoding to copy filtered properties files.
2023-05-27 15:34:50,423 [Worker-29: ビルド] INFO  o.e.m.c.i.embedder.EclipseLogger - skip non existing resourceDirectory /Users/katsumatayuusuke/git/JavaStudy/web/src/test/resources
2023-05-27 15:35:08,656 [Worker-31: ビルド] INFO  o.e.m.c.i.embedder.EclipseLogger - Using 'UTF-8' encoding to copy filtered resources.
2023-05-27 15:35:08,657 [Worker-31: ビルド] INFO  o.e.m.c.i.embedder.EclipseLogger - Using 'UTF-8' encoding to copy filtered properties files.
2023-05-27 15:35:08,658 [Worker-31: ビルド] INFO  o.e.m.c.i.embedder.EclipseLogger - Copying 1 resource
2023-05-27 15:35:09,677 [Worker-31: ビルド] INFO  o.e.m.c.i.embedder.EclipseLogger - Copying 6 resources
2023-05-27 15:35:09,700 [Worker-31: ビルド] INFO  o.e.m.c.i.embedder.EclipseLogger - Using 'UTF-8' encoding to copy filtered resources.
2023-05-27 15:35:09,700 [Worker-31: ビルド] INFO  o.e.m.c.i.embedder.EclipseLogger - Using 'UTF-8' encoding to copy filtered properties files.
2023-05-27 15:35:09,700 [Worker-31: ビルド] INFO  o.e.m.c.i.embedder.EclipseLogger - skip non existing resourceDirectory /Users/katsumatayuusuke/git/JavaStudy/web/src/test/resources
2023-05-27 15:35:55,071 [Worker-34: ビルド] INFO  o.e.m.c.i.embedder.EclipseLogger - Using 'UTF-8' encoding to copy filtered resources.
2023-05-27 15:35:55,077 [Worker-34: ビルド] INFO  o.e.m.c.i.embedder.EclipseLogger - Using 'UTF-8' encoding to copy filtered properties files.
2023-05-27 15:35:55,082 [Worker-34: ビルド] INFO  o.e.m.c.i.embedder.EclipseLogger - Copying 1 resource
2023-05-27 15:35:55,205 [Worker-34: ビルド] INFO  o.e.m.c.i.embedder.EclipseLogger - Copying 6 resources
2023-05-27 15:35:55,209 [Worker-34: ビルド] INFO  o.e.m.c.i.embedder.EclipseLogger - Using 'UTF-8' encoding to copy filtered resources.
2023-05-27 15:35:55,209 [Worker-34: ビルド] INFO  o.e.m.c.i.embedder.EclipseLogger - Using 'UTF-8' encoding to copy filtered properties files.
2023-05-27 15:35:55,209 [Worker-34: ビルド] INFO  o.e.m.c.i.embedder.EclipseLogger - skip non existing resourceDirectory /Users/katsumatayuusuke/git/JavaStudy/web/src/test/resources
2023-05-27 15:36:14,356 [Worker-30: ビルド] INFO  o.e.m.c.i.embedder.EclipseLogger - Using 'UTF-8' encoding to copy filtered resources.
2023-05-27 15:36:14,357 [Worker-30: ビルド] INFO  o.e.m.c.i.embedder.EclipseLogger - Using 'UTF-8' encoding to copy filtered properties files.
2023-05-27 15:36:14,357 [Worker-30: ビルド] INFO  o.e.m.c.i.embedder.EclipseLogger - Copying 1 resource
2023-05-27 15:36:14,623 [Worker-30: ビルド] INFO  o.e.m.c.i.embedder.EclipseLogger - Copying 6 resources
2023-05-27 15:36:14,637 [Worker-30: ビルド] INFO  o.e.m.c.i.embedder.EclipseLogger - Using 'UTF-8' encoding to copy filtered resources.
2023-05-27 15:36:14,637 [Worker-30: ビルド] INFO  o.e.m.c.i.embedder.EclipseLogger - Using 'UTF-8' encoding to copy filtered properties files.
2023-05-27 15:36:14,637 [Worker-30: ビルド] INFO  o.e.m.c.i.embedder.EclipseLogger - skip non existing resourceDirectory /Users/katsumatayuusuke/git/JavaStudy/web/src/test/resources
2023-05-27 15:39:06,810 [Worker-31: ビルド] INFO  o.e.m.c.i.embedder.EclipseLogger - Using 'UTF-8' encoding to copy filtered resources.
2023-05-27 15:39:06,813 [Worker-31: ビルド] INFO  o.e.m.c.i.embedder.EclipseLogger - Using 'UTF-8' encoding to copy filtered properties files.
2023-05-27 15:39:06,817 [Worker-31: ビルド] INFO  o.e.m.c.i.embedder.EclipseLogger - Copying 1 resource
2023-05-27 15:39:06,912 [Worker-31: ビルド] INFO  o.e.m.c.i.embedder.EclipseLogger - Copying 6 resources
2023-05-27 15:39:06,921 [Worker-31: ビルド] INFO  o.e.m.c.i.embedder.EclipseLogger - Using 'UTF-8' encoding to copy filtered resources.
2023-05-27 15:39:06,921 [Worker-31: ビルド] INFO  o.e.m.c.i.embedder.EclipseLogger - Using 'UTF-8' encoding to copy filtered properties files.
2023-05-27 15:39:06,921 [Worker-31: ビルド] INFO  o.e.m.c.i.embedder.EclipseLogger - skip non existing resourceDirectory /Users/katsumatayuusuke/git/JavaStudy/web/src/test/resources
2023-05-27 15:39:38,878 [Worker-30: ビルド] INFO  o.e.m.c.i.embedder.EclipseLogger - Using 'UTF-8' encoding to copy filtered resources.
2023-05-27 15:39:38,882 [Worker-30: ビルド] INFO  o.e.m.c.i.embedder.EclipseLogger - Using 'UTF-8' encoding to copy filtered properties files.
2023-05-27 15:39:38,885 [Worker-30: ビルド] INFO  o.e.m.c.i.embedder.EclipseLogger - Copying 1 resource
2023-05-27 15:39:39,008 [Worker-30: ビルド] INFO  o.e.m.c.i.embedder.EclipseLogger - Copying 6 resources
2023-05-27 15:39:39,018 [Worker-30: ビルド] INFO  o.e.m.c.i.embedder.EclipseLogger - Using 'UTF-8' encoding to copy filtered resources.
2023-05-27 15:39:39,018 [Worker-30: ビルド] INFO  o.e.m.c.i.embedder.EclipseLogger - Using 'UTF-8' encoding to copy filtered properties files.
2023-05-27 15:39:39,018 [Worker-30: ビルド] INFO  o.e.m.c.i.embedder.EclipseLogger - skip non existing resourceDirectory /Users/katsumatayuusuke/git/JavaStudy/web/src/test/resources
2023-05-27 15:40:39,183 [Worker-31: ビルド] INFO  o.e.m.c.i.embedder.EclipseLogger - Using 'UTF-8' encoding to copy filtered resources.
2023-05-27 15:40:39,184 [Worker-31: ビルド] INFO  o.e.m.c.i.embedder.EclipseLogger - Using 'UTF-8' encoding to copy filtered properties files.
2023-05-27 15:40:39,186 [Worker-31: ビルド] INFO  o.e.m.c.i.embedder.EclipseLogger - Copying 1 resource
2023-05-27 15:40:39,275 [Worker-31: ビルド] INFO  o.e.m.c.i.embedder.EclipseLogger - Copying 6 resources
2023-05-27 15:40:39,282 [Worker-31: ビルド] INFO  o.e.m.c.i.embedder.EclipseLogger - Using 'UTF-8' encoding to copy filtered resources.
2023-05-27 15:40:39,282 [Worker-31: ビルド] INFO  o.e.m.c.i.embedder.EclipseLogger - Using 'UTF-8' encoding to copy filtered properties files.
2023-05-27 15:40:39,282 [Worker-31: ビルド] INFO  o.e.m.c.i.embedder.EclipseLogger - skip non existing resourceDirectory /Users/katsumatayuusuke/git/JavaStudy/web/src/test/resources
2023-05-27 15:45:42,389 [Worker-31: ビルド] INFO  o.e.m.c.i.embedder.EclipseLogger - Using 'UTF-8' encoding to copy filtered resources.
2023-05-27 15:45:42,394 [Worker-31: ビルド] INFO  o.e.m.c.i.embedder.EclipseLogger - Using 'UTF-8' encoding to copy filtered properties files.
2023-05-27 15:45:42,398 [Worker-31: ビルド] INFO  o.e.m.c.i.embedder.EclipseLogger - Copying 1 resource
2023-05-27 15:45:42,444 [Worker-31: ビルド] INFO  o.e.m.c.i.embedder.EclipseLogger - Copying 6 resources
2023-05-27 15:45:42,451 [Worker-31: ビルド] INFO  o.e.m.c.i.embedder.EclipseLogger - Using 'UTF-8' encoding to copy filtered resources.
2023-05-27 15:45:42,451 [Worker-31: ビルド] INFO  o.e.m.c.i.embedder.EclipseLogger - Using 'UTF-8' encoding to copy filtered properties files.
2023-05-27 15:45:42,451 [Worker-31: ビルド] INFO  o.e.m.c.i.embedder.EclipseLogger - skip non existing resourceDirectory /Users/katsumatayuusuke/git/JavaStudy/web/src/test/resources
2023-05-27 15:45:52,062 [Worker-33: ビルド] INFO  o.e.m.c.i.embedder.EclipseLogger - Using 'UTF-8' encoding to copy filtered resources.
2023-05-27 15:45:52,063 [Worker-33: ビルド] INFO  o.e.m.c.i.embedder.EclipseLogger - Using 'UTF-8' encoding to copy filtered properties files.
2023-05-27 15:45:52,064 [Worker-33: ビルド] INFO  o.e.m.c.i.embedder.EclipseLogger - Copying 1 resource
2023-05-27 15:45:52,401 [Worker-33: ビルド] INFO  o.e.m.c.i.embedder.EclipseLogger - Copying 6 resources
2023-05-27 15:45:52,420 [Worker-33: ビルド] INFO  o.e.m.c.i.embedder.EclipseLogger - Using 'UTF-8' encoding to copy filtered resources.
2023-05-27 15:45:52,420 [Worker-33: ビルド] INFO  o.e.m.c.i.embedder.EclipseLogger - Using 'UTF-8' encoding to copy filtered properties files.
2023-05-27 15:45:52,420 [Worker-33: ビルド] INFO  o.e.m.c.i.embedder.EclipseLogger - skip non existing resourceDirectory /Users/katsumatayuusuke/git/JavaStudy/web/src/test/resources
2023-05-27 15:54:15,944 [Worker-33: ビルド] INFO  o.e.m.c.i.embedder.EclipseLogger - Using 'UTF-8' encoding to copy filtered resources.
2023-05-27 15:54:15,948 [Worker-33: ビルド] INFO  o.e.m.c.i.embedder.EclipseLogger - Using 'UTF-8' encoding to copy filtered properties files.
2023-05-27 15:54:15,951 [Worker-33: ビルド] INFO  o.e.m.c.i.embedder.EclipseLogger - Copying 1 resource
2023-05-27 15:54:16,006 [Worker-33: ビルド] INFO  o.e.m.c.i.embedder.EclipseLogger - Copying 6 resources
2023-05-27 15:54:16,012 [Worker-33: ビルド] INFO  o.e.m.c.i.embedder.EclipseLogger - Using 'UTF-8' encoding to copy filtered resources.
2023-05-27 15:54:16,013 [Worker-33: ビルド] INFO  o.e.m.c.i.embedder.EclipseLogger - Using 'UTF-8' encoding to copy filtered properties files.
2023-05-27 15:54:16,013 [Worker-33: ビルド] INFO  o.e.m.c.i.embedder.EclipseLogger - skip non existing resourceDirectory /Users/katsumatayuusuke/git/JavaStudy/web/src/test/resources
2023-05-27 15:54:55,904 [Worker-33: ビルド] INFO  o.e.m.c.i.embedder.EclipseLogger - Using 'UTF-8' encoding to copy filtered resources.
2023-05-27 15:54:55,905 [Worker-33: ビルド] INFO  o.e.m.c.i.embedder.EclipseLogger - Using 'UTF-8' encoding to copy filtered properties files.
2023-05-27 15:54:55,907 [Worker-33: ビルド] INFO  o.e.m.c.i.embedder.EclipseLogger - Copying 1 resource
2023-05-27 15:54:55,940 [Worker-33: ビルド] INFO  o.e.m.c.i.embedder.EclipseLogger - Copying 6 resources
2023-05-27 15:54:55,960 [Worker-33: ビルド] INFO  o.e.m.c.i.embedder.EclipseLogger - Using 'UTF-8' encoding to copy filtered resources.
2023-05-27 15:54:55,961 [Worker-33: ビルド] INFO  o.e.m.c.i.embedder.EclipseLogger - Using 'UTF-8' encoding to copy filtered properties files.
2023-05-27 15:54:55,961 [Worker-33: ビルド] INFO  o.e.m.c.i.embedder.EclipseLogger - skip non existing resourceDirectory /Users/katsumatayuusuke/git/JavaStudy/web/src/test/resources
2023-05-27 15:55:00,740 [Worker-29: ビルド] INFO  o.e.m.c.i.embedder.EclipseLogger - Using 'UTF-8' encoding to copy filtered resources.
2023-05-27 15:55:00,740 [Worker-29: ビルド] INFO  o.e.m.c.i.embedder.EclipseLogger - Using 'UTF-8' encoding to copy filtered properties files.
2023-05-27 15:55:00,740 [Worker-29: ビルド] INFO  o.e.m.c.i.embedder.EclipseLogger - Copying 1 resource
2023-05-27 15:55:00,758 [Worker-29: ビルド] INFO  o.e.m.c.i.embedder.EclipseLogger - Copying 6 resources
2023-05-27 15:55:00,769 [Worker-29: ビルド] INFO  o.e.m.c.i.embedder.EclipseLogger - Using 'UTF-8' encoding to copy filtered resources.
2023-05-27 15:55:00,769 [Worker-29: ビルド] INFO  o.e.m.c.i.embedder.EclipseLogger - Using 'UTF-8' encoding to copy filtered properties files.
2023-05-27 15:55:00,769 [Worker-29: ビルド] INFO  o.e.m.c.i.embedder.EclipseLogger - skip non existing resourceDirectory /Users/katsumatayuusuke/git/JavaStudy/web/src/test/resources
2023-05-27 15:55:28,959 [Worker-32: ビルド] INFO  o.e.m.c.i.embedder.EclipseLogger - Using 'UTF-8' encoding to copy filtered resources.
2023-05-27 15:55:28,960 [Worker-32: ビルド] INFO  o.e.m.c.i.embedder.EclipseLogger - Using 'UTF-8' encoding to copy filtered properties files.
2023-05-27 15:55:28,961 [Worker-32: ビルド] INFO  o.e.m.c.i.embedder.EclipseLogger - Copying 1 resource
2023-05-27 15:55:28,975 [Worker-32: ビルド] INFO  o.e.m.c.i.embedder.EclipseLogger - Copying 6 resources
2023-05-27 15:55:28,977 [Worker-32: ビルド] INFO  o.e.m.c.i.embedder.EclipseLogger - Using 'UTF-8' encoding to copy filtered resources.
2023-05-27 15:55:28,977 [Worker-32: ビルド] INFO  o.e.m.c.i.embedder.EclipseLogger - Using 'UTF-8' encoding to copy filtered properties files.
2023-05-27 15:55:28,977 [Worker-32: ビルド] INFO  o.e.m.c.i.embedder.EclipseLogger - skip non existing resourceDirectory /Users/katsumatayuusuke/git/JavaStudy/web/src/test/resources
2023-05-27 15:57:16,309 [Worker-34: ビルド] INFO  o.e.m.c.i.embedder.EclipseLogger - Using 'UTF-8' encoding to copy filtered resources.
2023-05-27 15:57:16,310 [Worker-34: ビルド] INFO  o.e.m.c.i.embedder.EclipseLogger - Using 'UTF-8' encoding to copy filtered properties files.
2023-05-27 15:57:16,312 [Worker-34: ビルド] INFO  o.e.m.c.i.embedder.EclipseLogger - Copying 1 resource
2023-05-27 15:57:16,351 [Worker-34: ビルド] INFO  o.e.m.c.i.embedder.EclipseLogger - Copying 6 resources
2023-05-27 15:57:16,355 [Worker-34: ビルド] INFO  o.e.m.c.i.embedder.EclipseLogger - Using 'UTF-8' encoding to copy filtered resources.
2023-05-27 15:57:16,355 [Worker-34: ビルド] INFO  o.e.m.c.i.embedder.EclipseLogger - Using 'UTF-8' encoding to copy filtered properties files.
2023-05-27 15:57:16,355 [Worker-34: ビルド] INFO  o.e.m.c.i.embedder.EclipseLogger - skip non existing resourceDirectory /Users/katsumatayuusuke/git/JavaStudy/web/src/test/resources
2023-05-27 16:02:14,809 [Text Viewer Hover Presenter] INFO  o.t.e.e.d.ProjectDependencyDialectLocator - Scanning for dialect help files on project dependencies
2023-05-27 16:02:15,841 [pool-11-thread-5] INFO  o.t.e.e.d.ProjectDependencyDialectLocator - Help file found: Standard-Dialect.xml
2023-05-27 16:02:15,843 [pool-11-thread-4] INFO  o.t.e.e.d.ProjectDependencyDialectLocator - Help file found: Java8Time.xml
2023-05-27 16:02:16,242 [Worker-37: ビルド] INFO  o.e.m.c.i.embedder.EclipseLogger - Using 'UTF-8' encoding to copy filtered resources.
2023-05-27 16:02:16,244 [Worker-37: ビルド] INFO  o.e.m.c.i.embedder.EclipseLogger - Using 'UTF-8' encoding to copy filtered properties files.
2023-05-27 16:02:16,247 [Worker-37: ビルド] INFO  o.e.m.c.i.embedder.EclipseLogger - Copying 0 resource
2023-05-27 16:02:16,249 [Worker-37: ビルド] INFO  o.e.m.c.i.embedder.EclipseLogger - Copying 1 resource
2023-05-27 16:02:16,324 [Worker-37: ビルド] INFO  o.e.m.c.i.embedder.EclipseLogger - Using 'UTF-8' encoding to copy filtered resources.
2023-05-27 16:02:16,324 [Worker-37: ビルド] INFO  o.e.m.c.i.embedder.EclipseLogger - Using 'UTF-8' encoding to copy filtered properties files.
2023-05-27 16:02:16,324 [Worker-37: ビルド] INFO  o.e.m.c.i.embedder.EclipseLogger - skip non existing resourceDirectory /Users/katsumatayuusuke/git/JavaStudy/web/src/test/resources
2023-05-27 16:03:05,635 [Worker-38: ビルド] INFO  o.e.m.c.i.embedder.EclipseLogger - Using 'UTF-8' encoding to copy filtered resources.
2023-05-27 16:03:05,637 [Worker-38: ビルド] INFO  o.e.m.c.i.embedder.EclipseLogger - Using 'UTF-8' encoding to copy filtered properties files.
2023-05-27 16:03:05,639 [Worker-38: ビルド] INFO  o.e.m.c.i.embedder.EclipseLogger - Copying 0 resource
2023-05-27 16:03:05,640 [Worker-38: ビルド] INFO  o.e.m.c.i.embedder.EclipseLogger - Copying 1 resource
2023-05-27 16:03:05,654 [Worker-38: ビルド] INFO  o.e.m.c.i.embedder.EclipseLogger - Using 'UTF-8' encoding to copy filtered resources.
2023-05-27 16:03:05,655 [Worker-38: ビルド] INFO  o.e.m.c.i.embedder.EclipseLogger - Using 'UTF-8' encoding to copy filtered properties files.
2023-05-27 16:03:05,655 [Worker-38: ビルド] INFO  o.e.m.c.i.embedder.EclipseLogger - skip non existing resourceDirectory /Users/katsumatayuusuke/git/JavaStudy/web/src/test/resources
2023-05-27 16:06:34,185 [Worker-41: ビルド] INFO  o.e.m.c.i.embedder.EclipseLogger - Using 'UTF-8' encoding to copy filtered resources.
2023-05-27 16:06:34,190 [Worker-41: ビルド] INFO  o.e.m.c.i.embedder.EclipseLogger - Using 'UTF-8' encoding to copy filtered properties files.
2023-05-27 16:06:34,195 [Worker-41: ビルド] INFO  o.e.m.c.i.embedder.EclipseLogger - Copying 0 resource
2023-05-27 16:06:34,197 [Worker-41: ビルド] INFO  o.e.m.c.i.embedder.EclipseLogger - Copying 1 resource
2023-05-27 16:06:34,210 [Worker-41: ビルド] INFO  o.e.m.c.i.embedder.EclipseLogger - Using 'UTF-8' encoding to copy filtered resources.
2023-05-27 16:06:34,211 [Worker-41: ビルド] INFO  o.e.m.c.i.embedder.EclipseLogger - Using 'UTF-8' encoding to copy filtered properties files.
2023-05-27 16:06:34,211 [Worker-41: ビルド] INFO  o.e.m.c.i.embedder.EclipseLogger - skip non existing resourceDirectory /Users/katsumatayuusuke/git/JavaStudy/web/src/test/resources
2023-05-27 16:08:16,516 [Worker-37: ビルド] INFO  o.e.m.c.i.embedder.EclipseLogger - Using 'UTF-8' encoding to copy filtered resources.
2023-05-27 16:08:16,519 [Worker-37: ビルド] INFO  o.e.m.c.i.embedder.EclipseLogger - Using 'UTF-8' encoding to copy filtered properties files.
2023-05-27 16:08:16,526 [Worker-37: ビルド] INFO  o.e.m.c.i.embedder.EclipseLogger - Copying 0 resource
2023-05-27 16:08:16,528 [Worker-37: ビルド] INFO  o.e.m.c.i.embedder.EclipseLogger - Copying 1 resource
2023-05-27 16:08:16,601 [Worker-37: ビルド] INFO  o.e.m.c.i.embedder.EclipseLogger - Using 'UTF-8' encoding to copy filtered resources.
2023-05-27 16:08:16,602 [Worker-37: ビルド] INFO  o.e.m.c.i.embedder.EclipseLogger - Using 'UTF-8' encoding to copy filtered properties files.
2023-05-27 16:08:16,602 [Worker-37: ビルド] INFO  o.e.m.c.i.embedder.EclipseLogger - skip non existing resourceDirectory /Users/katsumatayuusuke/git/JavaStudy/web/src/test/resources
2023-05-27 16:13:36,230 [Worker-46: ビルド] INFO  o.e.m.c.i.embedder.EclipseLogger - Using 'UTF-8' encoding to copy filtered resources.
2023-05-27 16:13:36,238 [Worker-46: ビルド] INFO  o.e.m.c.i.embedder.EclipseLogger - Using 'UTF-8' encoding to copy filtered properties files.
2023-05-27 16:13:36,247 [Worker-46: ビルド] INFO  o.e.m.c.i.embedder.EclipseLogger - Copying 1 resource
2023-05-27 16:13:36,443 [Worker-46: ビルド] INFO  o.e.m.c.i.embedder.EclipseLogger - Copying 6 resources
2023-05-27 16:13:36,450 [Worker-46: ビルド] INFO  o.e.m.c.i.embedder.EclipseLogger - Using 'UTF-8' encoding to copy filtered resources.
2023-05-27 16:13:36,450 [Worker-46: ビルド] INFO  o.e.m.c.i.embedder.EclipseLogger - Using 'UTF-8' encoding to copy filtered properties files.
2023-05-27 16:13:36,450 [Worker-46: ビルド] INFO  o.e.m.c.i.embedder.EclipseLogger - skip non existing resourceDirectory /Users/katsumatayuusuke/git/JavaStudy/web/src/test/resources
2023-05-27 16:13:55,874 [Worker-46: ビルド] INFO  o.e.m.c.i.embedder.EclipseLogger - Using 'UTF-8' encoding to copy filtered resources.
2023-05-27 16:13:55,876 [Worker-46: ビルド] INFO  o.e.m.c.i.embedder.EclipseLogger - Using 'UTF-8' encoding to copy filtered properties files.
2023-05-27 16:13:55,880 [Worker-46: ビルド] INFO  o.e.m.c.i.embedder.EclipseLogger - Copying 1 resource
2023-05-27 16:13:56,344 [Worker-46: ビルド] INFO  o.e.m.c.i.embedder.EclipseLogger - Copying 6 resources
2023-05-27 16:13:56,365 [Worker-46: ビルド] INFO  o.e.m.c.i.embedder.EclipseLogger - Using 'UTF-8' encoding to copy filtered resources.
2023-05-27 16:13:56,365 [Worker-46: ビルド] INFO  o.e.m.c.i.embedder.EclipseLogger - Using 'UTF-8' encoding to copy filtered properties files.
2023-05-27 16:13:56,366 [Worker-46: ビルド] INFO  o.e.m.c.i.embedder.EclipseLogger - skip non existing resourceDirectory /Users/katsumatayuusuke/git/JavaStudy/web/src/test/resources
2023-05-27 16:14:44,582 [Worker-46: ビルド] INFO  o.e.m.c.i.embedder.EclipseLogger - Using 'UTF-8' encoding to copy filtered resources.
2023-05-27 16:14:44,585 [Worker-46: ビルド] INFO  o.e.m.c.i.embedder.EclipseLogger - Using 'UTF-8' encoding to copy filtered properties files.
2023-05-27 16:14:44,586 [Worker-46: ビルド] INFO  o.e.m.c.i.embedder.EclipseLogger - Copying 1 resource
2023-05-27 16:14:44,649 [Worker-46: ビルド] INFO  o.e.m.c.i.embedder.EclipseLogger - Copying 6 resources
2023-05-27 16:14:44,655 [Worker-46: ビルド] INFO  o.e.m.c.i.embedder.EclipseLogger - Using 'UTF-8' encoding to copy filtered resources.
2023-05-27 16:14:44,655 [Worker-46: ビルド] INFO  o.e.m.c.i.embedder.EclipseLogger - Using 'UTF-8' encoding to copy filtered properties files.
2023-05-27 16:14:44,655 [Worker-46: ビルド] INFO  o.e.m.c.i.embedder.EclipseLogger - skip non existing resourceDirectory /Users/katsumatayuusuke/git/JavaStudy/web/src/test/resources
2023-05-27 16:15:45,595 [Worker-47: ビルド] INFO  o.e.m.c.i.embedder.EclipseLogger - Using 'UTF-8' encoding to copy filtered resources.
2023-05-27 16:15:45,597 [Worker-47: ビルド] INFO  o.e.m.c.i.embedder.EclipseLogger - Using 'UTF-8' encoding to copy filtered properties files.
2023-05-27 16:15:45,601 [Worker-47: ビルド] INFO  o.e.m.c.i.embedder.EclipseLogger - Copying 1 resource
2023-05-27 16:15:45,948 [Worker-47: ビルド] INFO  o.e.m.c.i.embedder.EclipseLogger - Copying 6 resources
2023-05-27 16:15:45,954 [Worker-47: ビルド] INFO  o.e.m.c.i.embedder.EclipseLogger - Using 'UTF-8' encoding to copy filtered resources.
2023-05-27 16:15:45,954 [Worker-47: ビルド] INFO  o.e.m.c.i.embedder.EclipseLogger - Using 'UTF-8' encoding to copy filtered properties files.
2023-05-27 16:15:45,955 [Worker-47: ビルド] INFO  o.e.m.c.i.embedder.EclipseLogger - skip non existing resourceDirectory /Users/katsumatayuusuke/git/JavaStudy/web/src/test/resources
2023-05-27 16:15:49,183 [Worker-37: ビルド] INFO  o.e.m.c.i.embedder.EclipseLogger - Using 'UTF-8' encoding to copy filtered resources.
2023-05-27 16:15:49,183 [Worker-37: ビルド] INFO  o.e.m.c.i.embedder.EclipseLogger - Using 'UTF-8' encoding to copy filtered properties files.
2023-05-27 16:15:49,184 [Worker-37: ビルド] INFO  o.e.m.c.i.embedder.EclipseLogger - Copying 1 resource
2023-05-27 16:15:49,212 [Worker-37: ビルド] INFO  o.e.m.c.i.embedder.EclipseLogger - Copying 6 resources
2023-05-27 16:15:49,219 [Worker-37: ビルド] INFO  o.e.m.c.i.embedder.EclipseLogger - Using 'UTF-8' encoding to copy filtered resources.
2023-05-27 16:15:49,221 [Worker-37: ビルド] INFO  o.e.m.c.i.embedder.EclipseLogger - Using 'UTF-8' encoding to copy filtered properties files.
2023-05-27 16:15:49,221 [Worker-37: ビルド] INFO  o.e.m.c.i.embedder.EclipseLogger - skip non existing resourceDirectory /Users/katsumatayuusuke/git/JavaStudy/web/src/test/resources
2023-05-27 16:20:16,943 [Worker-47: ビルド] INFO  o.e.m.c.i.embedder.EclipseLogger - Using 'UTF-8' encoding to copy filtered resources.
2023-05-27 16:20:16,946 [Worker-47: ビルド] INFO  o.e.m.c.i.embedder.EclipseLogger - Using 'UTF-8' encoding to copy filtered properties files.
2023-05-27 16:20:16,951 [Worker-47: ビルド] INFO  o.e.m.c.i.embedder.EclipseLogger - Copying 1 resource
2023-05-27 16:20:17,006 [Worker-47: ビルド] INFO  o.e.m.c.i.embedder.EclipseLogger - Copying 6 resources
2023-05-27 16:20:17,017 [Worker-47: ビルド] INFO  o.e.m.c.i.embedder.EclipseLogger - Using 'UTF-8' encoding to copy filtered resources.
2023-05-27 16:20:17,017 [Worker-47: ビルド] INFO  o.e.m.c.i.embedder.EclipseLogger - Using 'UTF-8' encoding to copy filtered properties files.
2023-05-27 16:20:17,017 [Worker-47: ビルド] INFO  o.e.m.c.i.embedder.EclipseLogger - skip non existing resourceDirectory /Users/katsumatayuusuke/git/JavaStudy/web/src/test/resources
2023-05-27 16:21:32,621 [Worker-48: ビルド] INFO  o.e.m.c.i.embedder.EclipseLogger - Using 'UTF-8' encoding to copy filtered resources.
2023-05-27 16:21:32,624 [Worker-48: ビルド] INFO  o.e.m.c.i.embedder.EclipseLogger - Using 'UTF-8' encoding to copy filtered properties files.
2023-05-27 16:21:32,627 [Worker-48: ビルド] INFO  o.e.m.c.i.embedder.EclipseLogger - Copying 1 resource
2023-05-27 16:21:32,779 [Worker-48: ビルド] INFO  o.e.m.c.i.embedder.EclipseLogger - Copying 6 resources
2023-05-27 16:21:32,819 [Worker-48: ビルド] INFO  o.e.m.c.i.embedder.EclipseLogger - Using 'UTF-8' encoding to copy filtered resources.
2023-05-27 16:21:32,819 [Worker-48: ビルド] INFO  o.e.m.c.i.embedder.EclipseLogger - Using 'UTF-8' encoding to copy filtered properties files.
2023-05-27 16:21:32,820 [Worker-48: ビルド] INFO  o.e.m.c.i.embedder.EclipseLogger - skip non existing resourceDirectory /Users/katsumatayuusuke/git/JavaStudy/web/src/test/resources
2023-05-27 16:22:00,789 [Worker-49: ビルド] INFO  o.e.m.c.i.embedder.EclipseLogger - Using 'UTF-8' encoding to copy filtered resources.
2023-05-27 16:22:00,791 [Worker-49: ビルド] INFO  o.e.m.c.i.embedder.EclipseLogger - Using 'UTF-8' encoding to copy filtered properties files.
2023-05-27 16:22:00,816 [Worker-49: ビルド] INFO  o.e.m.c.i.embedder.EclipseLogger - Copying 1 resource
2023-05-27 16:22:00,845 [Worker-49: ビルド] INFO  o.e.m.c.i.embedder.EclipseLogger - Copying 6 resources
2023-05-27 16:22:00,854 [Worker-49: ビルド] INFO  o.e.m.c.i.embedder.EclipseLogger - Using 'UTF-8' encoding to copy filtered resources.
2023-05-27 16:22:00,855 [Worker-49: ビルド] INFO  o.e.m.c.i.embedder.EclipseLogger - Using 'UTF-8' encoding to copy filtered properties files.
2023-05-27 16:22:00,855 [Worker-49: ビルド] INFO  o.e.m.c.i.embedder.EclipseLogger - skip non existing resourceDirectory /Users/katsumatayuusuke/git/JavaStudy/web/src/test/resources
2023-05-27 16:22:52,965 [Worker-29: ビルド] INFO  o.e.m.c.i.embedder.EclipseLogger - Using 'UTF-8' encoding to copy filtered resources.
2023-05-27 16:22:52,967 [Worker-29: ビルド] INFO  o.e.m.c.i.embedder.EclipseLogger - Using 'UTF-8' encoding to copy filtered properties files.
2023-05-27 16:22:52,968 [Worker-29: ビルド] INFO  o.e.m.c.i.embedder.EclipseLogger - Copying 1 resource
2023-05-27 16:22:52,982 [Worker-29: ビルド] INFO  o.e.m.c.i.embedder.EclipseLogger - Copying 6 resources
2023-05-27 16:22:52,985 [Worker-29: ビルド] INFO  o.e.m.c.i.embedder.EclipseLogger - Using 'UTF-8' encoding to copy filtered resources.
2023-05-27 16:22:52,985 [Worker-29: ビルド] INFO  o.e.m.c.i.embedder.EclipseLogger - Using 'UTF-8' encoding to copy filtered properties files.
2023-05-27 16:22:52,985 [Worker-29: ビルド] INFO  o.e.m.c.i.embedder.EclipseLogger - skip non existing resourceDirectory /Users/katsumatayuusuke/git/JavaStudy/web/src/test/resources
2023-05-27 16:26:32,640 [Worker-29: ビルド] INFO  o.e.m.c.i.embedder.EclipseLogger - Using 'UTF-8' encoding to copy filtered resources.
2023-05-27 16:26:32,650 [Worker-29: ビルド] INFO  o.e.m.c.i.embedder.EclipseLogger - Using 'UTF-8' encoding to copy filtered properties files.
2023-05-27 16:26:32,655 [Worker-29: ビルド] INFO  o.e.m.c.i.embedder.EclipseLogger - Copying 1 resource
2023-05-27 16:26:32,697 [Worker-29: ビルド] INFO  o.e.m.c.i.embedder.EclipseLogger - Copying 6 resources
2023-05-27 16:26:32,710 [Worker-29: ビルド] INFO  o.e.m.c.i.embedder.EclipseLogger - Using 'UTF-8' encoding to copy filtered resources.
2023-05-27 16:26:32,711 [Worker-29: ビルド] INFO  o.e.m.c.i.embedder.EclipseLogger - Using 'UTF-8' encoding to copy filtered properties files.
2023-05-27 16:26:32,712 [Worker-29: ビルド] INFO  o.e.m.c.i.embedder.EclipseLogger - skip non existing resourceDirectory /Users/katsumatayuusuke/git/JavaStudy/web/src/test/resources
2023-05-27 16:30:44,132 [Worker-47: ビルド] INFO  o.e.m.c.i.embedder.EclipseLogger - Using 'UTF-8' encoding to copy filtered resources.
2023-05-27 16:30:44,139 [Worker-47: ビルド] INFO  o.e.m.c.i.embedder.EclipseLogger - Using 'UTF-8' encoding to copy filtered properties files.
2023-05-27 16:30:44,146 [Worker-47: ビルド] INFO  o.e.m.c.i.embedder.EclipseLogger - Copying 1 resource
2023-05-27 16:30:44,191 [Worker-47: ビルド] INFO  o.e.m.c.i.embedder.EclipseLogger - Copying 6 resources
2023-05-27 16:30:44,194 [Worker-47: ビルド] INFO  o.e.m.c.i.embedder.EclipseLogger - Using 'UTF-8' encoding to copy filtered resources.
2023-05-27 16:30:44,194 [Worker-47: ビルド] INFO  o.e.m.c.i.embedder.EclipseLogger - Using 'UTF-8' encoding to copy filtered properties files.
2023-05-27 16:30:44,194 [Worker-47: ビルド] INFO  o.e.m.c.i.embedder.EclipseLogger - skip non existing resourceDirectory /Users/katsumatayuusuke/git/JavaStudy/web/src/test/resources
2023-05-27 16:39:04,775 [Worker-57: web - Web2Application の起動] INFO  o.e.m.c.i.embedder.EclipseLogger - Using 'UTF-8' encoding to copy filtered resources.
2023-05-27 16:39:04,786 [Worker-57: web - Web2Application の起動] INFO  o.e.m.c.i.embedder.EclipseLogger - Using 'UTF-8' encoding to copy filtered properties files.
2023-05-27 16:39:04,813 [Worker-57: web - Web2Application の起動] INFO  o.e.m.c.i.embedder.EclipseLogger - Copying 1 resource
2023-05-27 16:39:04,987 [Worker-57: web - Web2Application の起動] INFO  o.e.m.c.i.embedder.EclipseLogger - Copying 6 resources
2023-05-27 16:39:05,005 [Worker-57: web - Web2Application の起動] INFO  o.e.m.c.i.embedder.EclipseLogger - Using 'UTF-8' encoding to copy filtered resources.
2023-05-27 16:39:05,006 [Worker-57: web - Web2Application の起動] INFO  o.e.m.c.i.embedder.EclipseLogger - Using 'UTF-8' encoding to copy filtered properties files.
2023-05-27 16:39:05,006 [Worker-57: web - Web2Application の起動] INFO  o.e.m.c.i.embedder.EclipseLogger - skip non existing resourceDirectory /Users/katsumatayuusuke/git/JavaStudy/web/src/test/resources
2023-05-27 16:40:36,597 [Worker-52: ビルド] INFO  o.e.m.c.i.embedder.EclipseLogger - Using 'UTF-8' encoding to copy filtered resources.
2023-05-27 16:40:36,609 [Worker-52: ビルド] INFO  o.e.m.c.i.embedder.EclipseLogger - Using 'UTF-8' encoding to copy filtered properties files.
2023-05-27 16:40:36,617 [Worker-52: ビルド] INFO  o.e.m.c.i.embedder.EclipseLogger - Copying 0 resource
2023-05-27 16:40:36,622 [Worker-52: ビルド] INFO  o.e.m.c.i.embedder.EclipseLogger - Copying 0 resource
2023-05-27 16:40:36,646 [Worker-52: ビルド] INFO  o.e.m.c.i.embedder.EclipseLogger - Using 'UTF-8' encoding to copy filtered resources.
2023-05-27 16:40:36,646 [Worker-52: ビルド] INFO  o.e.m.c.i.embedder.EclipseLogger - Using 'UTF-8' encoding to copy filtered properties files.
2023-05-27 16:40:36,647 [Worker-52: ビルド] INFO  o.e.m.c.i.embedder.EclipseLogger - skip non existing resourceDirectory /Users/katsumatayuusuke/git/JavaStudy/web/src/test/resources
2023-05-27 16:45:47,716 [Worker-60: ビルド] INFO  o.e.m.c.i.embedder.EclipseLogger - Using 'UTF-8' encoding to copy filtered resources.
2023-05-27 16:45:47,719 [Worker-60: ビルド] INFO  o.e.m.c.i.embedder.EclipseLogger - Using 'UTF-8' encoding to copy filtered properties files.
2023-05-27 16:45:47,723 [Worker-60: ビルド] INFO  o.e.m.c.i.embedder.EclipseLogger - Copying 1 resource
2023-05-27 16:45:47,751 [Worker-60: ビルド] INFO  o.e.m.c.i.embedder.EclipseLogger - Copying 6 resources
2023-05-27 16:45:47,753 [Worker-60: ビルド] INFO  o.e.m.c.i.embedder.EclipseLogger - Using 'UTF-8' encoding to copy filtered resources.
2023-05-27 16:45:47,753 [Worker-60: ビルド] INFO  o.e.m.c.i.embedder.EclipseLogger - Using 'UTF-8' encoding to copy filtered properties files.
2023-05-27 16:45:47,753 [Worker-60: ビルド] INFO  o.e.m.c.i.embedder.EclipseLogger - skip non existing resourceDirectory /Users/katsumatayuusuke/git/JavaStudy/web/src/test/resources
2023-05-27 16:59:16,203 [Worker-47: ビルド] INFO  o.e.m.c.i.embedder.EclipseLogger - Using 'UTF-8' encoding to copy filtered resources.
2023-05-27 16:59:16,208 [Worker-47: ビルド] INFO  o.e.m.c.i.embedder.EclipseLogger - Using 'UTF-8' encoding to copy filtered properties files.
2023-05-27 16:59:16,215 [Worker-47: ビルド] INFO  o.e.m.c.i.embedder.EclipseLogger - Copying 1 resource
2023-05-27 16:59:16,248 [Worker-47: ビルド] INFO  o.e.m.c.i.embedder.EclipseLogger - Copying 6 resources
2023-05-27 16:59:16,253 [Worker-47: ビルド] INFO  o.e.m.c.i.embedder.EclipseLogger - Using 'UTF-8' encoding to copy filtered resources.
2023-05-27 16:59:16,253 [Worker-47: ビルド] INFO  o.e.m.c.i.embedder.EclipseLogger - Using 'UTF-8' encoding to copy filtered properties files.
2023-05-27 16:59:16,253 [Worker-47: ビルド] INFO  o.e.m.c.i.embedder.EclipseLogger - skip non existing resourceDirectory /Users/katsumatayuusuke/git/JavaStudy/web/src/test/resources
2023-05-27 17:02:50,173 [Worker-59: ビルド] INFO  o.e.m.c.i.embedder.EclipseLogger - Using 'UTF-8' encoding to copy filtered resources.
2023-05-27 17:02:50,182 [Worker-59: ビルド] INFO  o.e.m.c.i.embedder.EclipseLogger - Using 'UTF-8' encoding to copy filtered properties files.
2023-05-27 17:02:50,186 [Worker-59: ビルド] INFO  o.e.m.c.i.embedder.EclipseLogger - Copying 1 resource
2023-05-27 17:02:50,328 [Worker-59: ビルド] INFO  o.e.m.c.i.embedder.EclipseLogger - Copying 6 resources
2023-05-27 17:02:50,350 [Worker-59: ビルド] INFO  o.e.m.c.i.embedder.EclipseLogger - Using 'UTF-8' encoding to copy filtered resources.
2023-05-27 17:02:50,350 [Worker-59: ビルド] INFO  o.e.m.c.i.embedder.EclipseLogger - Using 'UTF-8' encoding to copy filtered properties files.
2023-05-27 17:02:50,350 [Worker-59: ビルド] INFO  o.e.m.c.i.embedder.EclipseLogger - skip non existing resourceDirectory /Users/katsumatayuusuke/git/JavaStudy/web/src/test/resources
2023-05-27 17:06:35,218 [Worker-64: ビルド] INFO  o.e.m.c.i.embedder.EclipseLogger - Using 'UTF-8' encoding to copy filtered resources.
2023-05-27 17:06:35,228 [Worker-64: ビルド] INFO  o.e.m.c.i.embedder.EclipseLogger - Using 'UTF-8' encoding to copy filtered properties files.
2023-05-27 17:06:35,234 [Worker-64: ビルド] INFO  o.e.m.c.i.embedder.EclipseLogger - Copying 1 resource
2023-05-27 17:06:35,402 [Worker-64: ビルド] INFO  o.e.m.c.i.embedder.EclipseLogger - Copying 6 resources
2023-05-27 17:06:35,426 [Worker-64: ビルド] INFO  o.e.m.c.i.embedder.EclipseLogger - Using 'UTF-8' encoding to copy filtered resources.
2023-05-27 17:06:35,427 [Worker-64: ビルド] INFO  o.e.m.c.i.embedder.EclipseLogger - Using 'UTF-8' encoding to copy filtered properties files.
2023-05-27 17:06:35,427 [Worker-64: ビルド] INFO  o.e.m.c.i.embedder.EclipseLogger - skip non existing resourceDirectory /Users/katsumatayuusuke/git/JavaStudy/web/src/test/resources
2023-05-27 19:23:47,096 [Worker-73: ビルド] INFO  o.e.m.c.i.embedder.EclipseLogger - Using 'UTF-8' encoding to copy filtered resources.
2023-05-27 19:23:47,129 [Worker-73: ビルド] INFO  o.e.m.c.i.embedder.EclipseLogger - Using 'UTF-8' encoding to copy filtered properties files.
2023-05-27 19:23:47,136 [Worker-73: ビルド] INFO  o.e.m.c.i.embedder.EclipseLogger - Copying 0 resource
2023-05-27 19:23:47,137 [Worker-73: ビルド] INFO  o.e.m.c.i.embedder.EclipseLogger - Copying 1 resource
2023-05-27 19:23:47,143 [Worker-73: ビルド] INFO  o.e.m.c.i.embedder.EclipseLogger - Using 'UTF-8' encoding to copy filtered resources.
2023-05-27 19:23:47,144 [Worker-73: ビルド] INFO  o.e.m.c.i.embedder.EclipseLogger - Using 'UTF-8' encoding to copy filtered properties files.
2023-05-27 19:23:47,144 [Worker-73: ビルド] INFO  o.e.m.c.i.embedder.EclipseLogger - skip non existing resourceDirectory /Users/katsumatayuusuke/git/JavaStudy/web/src/test/resources
2023-05-27 19:24:05,417 [Worker-64: ビルド] INFO  o.e.m.c.i.embedder.EclipseLogger - Using 'UTF-8' encoding to copy filtered resources.
2023-05-27 19:24:05,419 [Worker-64: ビルド] INFO  o.e.m.c.i.embedder.EclipseLogger - Using 'UTF-8' encoding to copy filtered properties files.
2023-05-27 19:24:05,423 [Worker-64: ビルド] INFO  o.e.m.c.i.embedder.EclipseLogger - Copying 1 resource
2023-05-27 19:24:05,455 [Worker-64: ビルド] INFO  o.e.m.c.i.embedder.EclipseLogger - Copying 6 resources
2023-05-27 19:24:05,459 [Worker-64: ビルド] INFO  o.e.m.c.i.embedder.EclipseLogger - Using 'UTF-8' encoding to copy filtered resources.
2023-05-27 19:24:05,459 [Worker-64: ビルド] INFO  o.e.m.c.i.embedder.EclipseLogger - Using 'UTF-8' encoding to copy filtered properties files.
2023-05-27 19:24:05,459 [Worker-64: ビルド] INFO  o.e.m.c.i.embedder.EclipseLogger - skip non existing resourceDirectory /Users/katsumatayuusuke/git/JavaStudy/web/src/test/resources
2023-05-27 19:27:31,637 [Worker-77: ビルド] INFO  o.e.m.c.i.embedder.EclipseLogger - Using 'UTF-8' encoding to copy filtered resources.
2023-05-27 19:27:31,640 [Worker-77: ビルド] INFO  o.e.m.c.i.embedder.EclipseLogger - Using 'UTF-8' encoding to copy filtered properties files.
2023-05-27 19:27:31,642 [Worker-77: ビルド] INFO  o.e.m.c.i.embedder.EclipseLogger - Copying 0 resource
2023-05-27 19:27:31,642 [Worker-77: ビルド] INFO  o.e.m.c.i.embedder.EclipseLogger - Copying 1 resource
2023-05-27 19:27:31,653 [Worker-77: ビルド] INFO  o.e.m.c.i.embedder.EclipseLogger - Using 'UTF-8' encoding to copy filtered resources.
2023-05-27 19:27:31,654 [Worker-77: ビルド] INFO  o.e.m.c.i.embedder.EclipseLogger - Using 'UTF-8' encoding to copy filtered properties files.
2023-05-27 19:27:31,655 [Worker-77: ビルド] INFO  o.e.m.c.i.embedder.EclipseLogger - skip non existing resourceDirectory /Users/katsumatayuusuke/git/JavaStudy/web/src/test/resources
2023-05-27 19:27:32,866 [Worker-75: ビルド] INFO  o.e.m.c.i.embedder.EclipseLogger - Using 'UTF-8' encoding to copy filtered resources.
2023-05-27 19:27:32,873 [Worker-75: ビルド] INFO  o.e.m.c.i.embedder.EclipseLogger - Using 'UTF-8' encoding to copy filtered properties files.
2023-05-27 19:27:32,876 [Worker-75: ビルド] INFO  o.e.m.c.i.embedder.EclipseLogger - Copying 0 resource
2023-05-27 19:27:32,876 [Worker-75: ビルド] INFO  o.e.m.c.i.embedder.EclipseLogger - Copying 0 resource
2023-05-27 19:27:32,880 [Worker-75: ビルド] INFO  o.e.m.c.i.embedder.EclipseLogger - Using 'UTF-8' encoding to copy filtered resources.
2023-05-27 19:27:32,881 [Worker-75: ビルド] INFO  o.e.m.c.i.embedder.EclipseLogger - Using 'UTF-8' encoding to copy filtered properties files.
2023-05-27 19:27:32,881 [Worker-75: ビルド] INFO  o.e.m.c.i.embedder.EclipseLogger - skip non existing resourceDirectory /Users/katsumatayuusuke/git/JavaStudy/web/src/test/resources
2023-05-27 19:38:36,955 [Worker-6: Loading available Gradle versions] INFO  o.e.b.c.i.u.g.PublishedGradleVersions - Gradle version information cache is up-to-date. Trying to read.
2023-05-27 19:38:43,108 [Worker-5: ビルド] INFO  o.e.m.c.i.embedder.EclipseLogger - Using 'UTF-8' encoding to copy filtered resources.
2023-05-27 19:38:43,110 [Worker-5: ビルド] INFO  o.e.m.c.i.embedder.EclipseLogger - Using 'UTF-8' encoding to copy filtered properties files.
2023-05-27 19:38:43,116 [Worker-5: ビルド] INFO  o.e.m.c.i.embedder.EclipseLogger - Copying 1 resource
2023-05-27 19:38:43,142 [Worker-5: ビルド] INFO  o.e.m.c.i.embedder.EclipseLogger - Copying 6 resources
2023-05-27 19:38:43,146 [Worker-5: ビルド] INFO  o.e.m.c.i.embedder.EclipseLogger - Using 'UTF-8' encoding to copy filtered resources.
2023-05-27 19:38:43,146 [Worker-5: ビルド] INFO  o.e.m.c.i.embedder.EclipseLogger - Using 'UTF-8' encoding to copy filtered properties files.
2023-05-27 19:38:43,147 [Worker-5: ビルド] INFO  o.e.m.c.i.embedder.EclipseLogger - skip non existing resourceDirectory /Users/katsumatayuusuke/git/JavaStudy/web/src/test/resources
2023-05-27 19:40:15,670 [Worker-7: Loading available Gradle versions] INFO  o.e.b.c.i.u.g.PublishedGradleVersions - Gradle version information cache is up-to-date. Trying to read.
2023-05-30 00:40:24,798 [Worker-2: Loading available Gradle versions] INFO  o.e.b.c.i.u.g.PublishedGradleVersions - Gradle version information cache is out-of-date. Trying to update.
2023-05-30 00:40:29,934 [Worker-9: ビルド] INFO  o.e.m.c.i.embedder.EclipseLogger - Using 'UTF-8' encoding to copy filtered resources.
2023-05-30 00:40:29,935 [Worker-9: ビルド] INFO  o.e.m.c.i.embedder.EclipseLogger - Using 'UTF-8' encoding to copy filtered properties files.
2023-05-30 00:40:29,939 [Worker-9: ビルド] INFO  o.e.m.c.i.embedder.EclipseLogger - Copying 1 resource
2023-05-30 00:40:29,953 [Worker-9: ビルド] INFO  o.e.m.c.i.embedder.EclipseLogger - Copying 6 resources
2023-05-30 00:40:29,963 [Worker-9: ビルド] INFO  o.e.m.c.i.embedder.EclipseLogger - Using 'UTF-8' encoding to copy filtered resources.
2023-05-30 00:40:29,963 [Worker-9: ビルド] INFO  o.e.m.c.i.embedder.EclipseLogger - Using 'UTF-8' encoding to copy filtered properties files.
2023-05-30 00:40:29,963 [Worker-9: ビルド] INFO  o.e.m.c.i.embedder.EclipseLogger - skip non existing resourceDirectory /Users/katsumatayuusuke/git/JavaStudy/web/src/test/resources
2023-05-30 10:20:57,839 [Worker-8: Loading available Gradle versions] INFO  o.e.b.c.i.u.g.PublishedGradleVersions - Gradle version information cache is up-to-date. Trying to read.
2023-05-31 22:01:16,848 [Worker-4: Loading available Gradle versions] INFO  o.e.b.c.i.u.g.PublishedGradleVersions - Gradle version information cache is out-of-date. Trying to update.
2023-05-31 22:13:32,915 [Worker-7: ビルド] INFO  o.e.m.c.i.embedder.EclipseLogger - Using 'UTF-8' encoding to copy filtered resources.
2023-05-31 22:13:32,919 [Worker-7: ビルド] INFO  o.e.m.c.i.embedder.EclipseLogger - Using 'UTF-8' encoding to copy filtered properties files.
2023-05-31 22:13:32,930 [Worker-7: ビルド] INFO  o.e.m.c.i.embedder.EclipseLogger - Copying 1 resource
2023-05-31 22:13:33,170 [Worker-7: ビルド] INFO  o.e.m.c.i.embedder.EclipseLogger - Copying 6 resources
2023-05-31 22:13:33,176 [Worker-7: ビルド] INFO  o.e.m.c.i.embedder.EclipseLogger - Using 'UTF-8' encoding to copy filtered resources.
2023-05-31 22:13:33,176 [Worker-7: ビルド] INFO  o.e.m.c.i.embedder.EclipseLogger - Using 'UTF-8' encoding to copy filtered properties files.
2023-05-31 22:13:33,177 [Worker-7: ビルド] INFO  o.e.m.c.i.embedder.EclipseLogger - skip non existing resourceDirectory /Users/katsumatayuusuke/git/JavaStudy/web/src/test/resources
2023-06-15 21:03:57,381 [Worker-9: Loading available Gradle versions] INFO  o.e.b.c.i.u.g.PublishedGradleVersions - Gradle version information cache is out-of-date. Trying to update.
2023-06-15 22:02:33,521 [Worker-67: ビルド] INFO  o.e.m.c.i.embedder.EclipseLogger - Using 'UTF-8' encoding to copy filtered resources.
2023-06-15 22:02:33,535 [Worker-67: ビルド] INFO  o.e.m.c.i.embedder.EclipseLogger - Using 'UTF-8' encoding to copy filtered properties files.
2023-06-15 22:02:33,543 [Worker-67: ビルド] INFO  o.e.m.c.i.embedder.EclipseLogger - Copying 1 resource
2023-06-15 22:02:33,769 [Worker-67: ビルド] INFO  o.e.m.c.i.embedder.EclipseLogger - Copying 6 resources
2023-06-15 22:02:33,778 [Worker-67: ビルド] INFO  o.e.m.c.i.embedder.EclipseLogger - Using 'UTF-8' encoding to copy filtered resources.
2023-06-15 22:02:33,778 [Worker-67: ビルド] INFO  o.e.m.c.i.embedder.EclipseLogger - Using 'UTF-8' encoding to copy filtered properties files.
2023-06-15 22:02:33,778 [Worker-67: ビルド] INFO  o.e.m.c.i.embedder.EclipseLogger - skip non existing resourceDirectory /Users/katsumatayuusuke/git/JavaStudy/web/src/test/resources
2023-06-15 22:17:59,703 [Worker-89: ビルド] INFO  o.e.m.c.i.embedder.EclipseLogger - Using 'UTF-8' encoding to copy filtered resources.
2023-06-15 22:17:59,724 [Worker-89: ビルド] INFO  o.e.m.c.i.embedder.EclipseLogger - Using 'UTF-8' encoding to copy filtered properties files.
2023-06-15 22:17:59,752 [Worker-89: ビルド] INFO  o.e.m.c.i.embedder.EclipseLogger - Copying 1 resource
2023-06-15 22:17:59,792 [Worker-89: ビルド] INFO  o.e.m.c.i.embedder.EclipseLogger - Copying 6 resources
2023-06-15 22:17:59,795 [Worker-89: ビルド] INFO  o.e.m.c.i.embedder.EclipseLogger - Using 'UTF-8' encoding to copy filtered resources.
2023-06-15 22:17:59,796 [Worker-89: ビルド] INFO  o.e.m.c.i.embedder.EclipseLogger - Using 'UTF-8' encoding to copy filtered properties files.
2023-06-15 22:17:59,796 [Worker-89: ビルド] INFO  o.e.m.c.i.embedder.EclipseLogger - skip non existing resourceDirectory /Users/katsumatayuusuke/git/JavaStudy/web/src/test/resources
2023-06-15 22:18:01,048 [Worker-82: ビルド] INFO  o.e.m.c.i.embedder.EclipseLogger - Using 'UTF-8' encoding to copy filtered resources.
2023-06-15 22:18:01,048 [Worker-82: ビルド] INFO  o.e.m.c.i.embedder.EclipseLogger - Using 'UTF-8' encoding to copy filtered properties files.
2023-06-15 22:18:01,048 [Worker-82: ビルド] INFO  o.e.m.c.i.embedder.EclipseLogger - Copying 0 resource
2023-06-15 22:18:01,048 [Worker-82: ビルド] INFO  o.e.m.c.i.embedder.EclipseLogger - Copying 0 resource
2023-06-15 22:18:01,051 [Worker-82: ビルド] INFO  o.e.m.c.i.embedder.EclipseLogger - Using 'UTF-8' encoding to copy filtered resources.
2023-06-15 22:18:01,051 [Worker-82: ビルド] INFO  o.e.m.c.i.embedder.EclipseLogger - Using 'UTF-8' encoding to copy filtered properties files.
2023-06-15 22:18:01,051 [Worker-82: ビルド] INFO  o.e.m.c.i.embedder.EclipseLogger - skip non existing resourceDirectory /Users/katsumatayuusuke/git/JavaStudy/web/src/test/resources
2023-06-15 22:32:08,297 [Worker-94: ビルド] INFO  o.e.m.c.i.embedder.EclipseLogger - Using 'UTF-8' encoding to copy filtered resources.
2023-06-15 22:32:08,303 [Worker-94: ビルド] INFO  o.e.m.c.i.embedder.EclipseLogger - Using 'UTF-8' encoding to copy filtered properties files.
2023-06-15 22:32:08,308 [Worker-94: ビルド] INFO  o.e.m.c.i.embedder.EclipseLogger - Copying 1 resource
2023-06-15 22:32:08,475 [Worker-94: ビルド] INFO  o.e.m.c.i.embedder.EclipseLogger - Copying 6 resources
2023-06-15 22:32:08,484 [Worker-94: ビルド] INFO  o.e.m.c.i.embedder.EclipseLogger - Using 'UTF-8' encoding to copy filtered resources.
2023-06-15 22:32:08,484 [Worker-94: ビルド] INFO  o.e.m.c.i.embedder.EclipseLogger - Using 'UTF-8' encoding to copy filtered properties files.
2023-06-15 22:32:08,484 [Worker-94: ビルド] INFO  o.e.m.c.i.embedder.EclipseLogger - skip non existing resourceDirectory /Users/katsumatayuusuke/git/JavaStudy/web/src/test/resources
2023-06-15 22:35:02,838 [Worker-103: ビルド] INFO  o.e.m.c.i.embedder.EclipseLogger - Using 'UTF-8' encoding to copy filtered resources.
2023-06-15 22:35:02,840 [Worker-103: ビルド] INFO  o.e.m.c.i.embedder.EclipseLogger - Using 'UTF-8' encoding to copy filtered properties files.
2023-06-15 22:35:02,844 [Worker-103: ビルド] INFO  o.e.m.c.i.embedder.EclipseLogger - Copying 1 resource
2023-06-15 22:35:02,915 [Worker-103: ビルド] INFO  o.e.m.c.i.embedder.EclipseLogger - Copying 6 resources
2023-06-15 22:35:02,921 [Worker-103: ビルド] INFO  o.e.m.c.i.embedder.EclipseLogger - Using 'UTF-8' encoding to copy filtered resources.
2023-06-15 22:35:02,921 [Worker-103: ビルド] INFO  o.e.m.c.i.embedder.EclipseLogger - Using 'UTF-8' encoding to copy filtered properties files.
2023-06-15 22:35:02,922 [Worker-103: ビルド] INFO  o.e.m.c.i.embedder.EclipseLogger - skip non existing resourceDirectory /Users/katsumatayuusuke/git/JavaStudy/web/src/test/resources
2023-06-15 22:35:03,993 [Worker-105: ビルド] INFO  o.e.m.c.i.embedder.EclipseLogger - Using 'UTF-8' encoding to copy filtered resources.
2023-06-15 22:35:03,994 [Worker-105: ビルド] INFO  o.e.m.c.i.embedder.EclipseLogger - Using 'UTF-8' encoding to copy filtered properties files.
2023-06-15 22:35:03,995 [Worker-105: ビルド] INFO  o.e.m.c.i.embedder.EclipseLogger - Copying 0 resource
2023-06-15 22:35:03,995 [Worker-105: ビルド] INFO  o.e.m.c.i.embedder.EclipseLogger - Copying 0 resource
2023-06-15 22:35:04,001 [Worker-105: ビルド] INFO  o.e.m.c.i.embedder.EclipseLogger - Using 'UTF-8' encoding to copy filtered resources.
2023-06-15 22:35:04,002 [Worker-105: ビルド] INFO  o.e.m.c.i.embedder.EclipseLogger - Using 'UTF-8' encoding to copy filtered properties files.
2023-06-15 22:35:04,002 [Worker-105: ビルド] INFO  o.e.m.c.i.embedder.EclipseLogger - skip non existing resourceDirectory /Users/katsumatayuusuke/git/JavaStudy/web/src/test/resources
2023-06-15 22:35:10,598 [Worker-104: ビルド] INFO  o.e.m.c.i.embedder.EclipseLogger - Using 'UTF-8' encoding to copy filtered resources.
2023-06-15 22:35:10,601 [Worker-104: ビルド] INFO  o.e.m.c.i.embedder.EclipseLogger - Using 'UTF-8' encoding to copy filtered properties files.
2023-06-15 22:35:10,606 [Worker-104: ビルド] INFO  o.e.m.c.i.embedder.EclipseLogger - Copying 1 resource
2023-06-15 22:35:10,685 [Worker-104: ビルド] INFO  o.e.m.c.i.embedder.EclipseLogger - Copying 6 resources
2023-06-15 22:35:10,704 [Worker-104: ビルド] INFO  o.e.m.c.i.embedder.EclipseLogger - Using 'UTF-8' encoding to copy filtered resources.
2023-06-15 22:35:10,704 [Worker-104: ビルド] INFO  o.e.m.c.i.embedder.EclipseLogger - Using 'UTF-8' encoding to copy filtered properties files.
2023-06-15 22:35:10,704 [Worker-104: ビルド] INFO  o.e.m.c.i.embedder.EclipseLogger - skip non existing resourceDirectory /Users/katsumatayuusuke/git/JavaStudy/web/src/test/resources
2023-06-17 17:44:05,346 [Worker-7: Loading available Gradle versions] INFO  o.e.b.c.i.u.g.PublishedGradleVersions - Gradle version information cache is up-to-date. Trying to read.
2023-06-17 17:44:11,316 [Worker-7: ビルド] INFO  o.e.m.c.i.embedder.EclipseLogger - Using 'UTF-8' encoding to copy filtered resources.
2023-06-17 17:44:11,327 [Worker-7: ビルド] INFO  o.e.m.c.i.embedder.EclipseLogger - Using 'UTF-8' encoding to copy filtered properties files.
2023-06-17 17:44:11,339 [Worker-7: ビルド] INFO  o.e.m.c.i.embedder.EclipseLogger - Copying 1 resource
2023-06-17 17:44:11,505 [Worker-7: ビルド] INFO  o.e.m.c.i.embedder.EclipseLogger - Copying 6 resources
2023-06-17 17:44:11,531 [Worker-7: ビルド] INFO  o.e.m.c.i.embedder.EclipseLogger - Using 'UTF-8' encoding to copy filtered resources.
2023-06-17 17:44:11,532 [Worker-7: ビルド] INFO  o.e.m.c.i.embedder.EclipseLogger - Using 'UTF-8' encoding to copy filtered properties files.
2023-06-17 17:44:11,533 [Worker-7: ビルド] INFO  o.e.m.c.i.embedder.EclipseLogger - skip non existing resourceDirectory /Users/katsumatayuusuke/git/JavaStudy/web/src/test/resources
2023-06-17 17:44:13,913 [Worker-8: ビルド] INFO  o.e.m.c.i.embedder.EclipseLogger - Using 'UTF-8' encoding to copy filtered resources.
2023-06-17 17:44:13,917 [Worker-8: ビルド] INFO  o.e.m.c.i.embedder.EclipseLogger - Using 'UTF-8' encoding to copy filtered properties files.
2023-06-17 17:44:13,927 [Worker-8: ビルド] INFO  o.e.m.c.i.embedder.EclipseLogger - Copying 0 resource
2023-06-17 17:44:13,929 [Worker-8: ビルド] INFO  o.e.m.c.i.embedder.EclipseLogger - Copying 0 resource
2023-06-17 17:44:13,945 [Worker-8: ビルド] INFO  o.e.m.c.i.embedder.EclipseLogger - Using 'UTF-8' encoding to copy filtered resources.
2023-06-17 17:44:13,945 [Worker-8: ビルド] INFO  o.e.m.c.i.embedder.EclipseLogger - Using 'UTF-8' encoding to copy filtered properties files.
2023-06-17 17:44:13,945 [Worker-8: ビルド] INFO  o.e.m.c.i.embedder.EclipseLogger - skip non existing resourceDirectory /Users/katsumatayuusuke/git/JavaStudy/web/src/test/resources
2023-06-17 17:44:16,082 [Worker-15: ビルド] INFO  o.e.m.c.i.embedder.EclipseLogger - Using 'UTF-8' encoding to copy filtered resources.
2023-06-17 17:44:16,086 [Worker-15: ビルド] INFO  o.e.m.c.i.embedder.EclipseLogger - Using 'UTF-8' encoding to copy filtered properties files.
2023-06-17 17:44:16,088 [Worker-15: ビルド] INFO  o.e.m.c.i.embedder.EclipseLogger - Copying 0 resource
2023-06-17 17:44:16,089 [Worker-15: ビルド] INFO  o.e.m.c.i.embedder.EclipseLogger - Copying 0 resource
2023-06-17 17:44:16,091 [Worker-15: ビルド] INFO  o.e.m.c.i.embedder.EclipseLogger - Using 'UTF-8' encoding to copy filtered resources.
2023-06-17 17:44:16,091 [Worker-15: ビルド] INFO  o.e.m.c.i.embedder.EclipseLogger - Using 'UTF-8' encoding to copy filtered properties files.
2023-06-17 17:44:16,091 [Worker-15: ビルド] INFO  o.e.m.c.i.embedder.EclipseLogger - skip non existing resourceDirectory /Users/katsumatayuusuke/git/JavaStudy/web/src/test/resources
2023-06-17 17:44:53,658 [Worker-15: ビルド] INFO  o.e.m.c.i.embedder.EclipseLogger - Using 'UTF-8' encoding to copy filtered resources.
2023-06-17 17:44:53,658 [Worker-15: ビルド] INFO  o.e.m.c.i.embedder.EclipseLogger - Using 'UTF-8' encoding to copy filtered properties files.
2023-06-17 17:44:53,659 [Worker-15: ビルド] INFO  o.e.m.c.i.embedder.EclipseLogger - Copying 0 resource
2023-06-17 17:44:53,659 [Worker-15: ビルド] INFO  o.e.m.c.i.embedder.EclipseLogger - Copying 0 resource
2023-06-17 17:44:53,662 [Worker-15: ビルド] INFO  o.e.m.c.i.embedder.EclipseLogger - Using 'UTF-8' encoding to copy filtered resources.
2023-06-17 17:44:53,662 [Worker-15: ビルド] INFO  o.e.m.c.i.embedder.EclipseLogger - Using 'UTF-8' encoding to copy filtered properties files.
2023-06-17 17:44:53,662 [Worker-15: ビルド] INFO  o.e.m.c.i.embedder.EclipseLogger - skip non existing resourceDirectory /Users/katsumatayuusuke/git/JavaStudy/web/src/test/resources
2023-06-17 17:52:58,759 [Worker-16: ビルド] INFO  o.e.m.c.i.embedder.EclipseLogger - Using 'UTF-8' encoding to copy filtered resources.
2023-06-17 17:52:58,771 [Worker-16: ビルド] INFO  o.e.m.c.i.embedder.EclipseLogger - Using 'UTF-8' encoding to copy filtered properties files.
2023-06-17 17:52:58,786 [Worker-16: ビルド] INFO  o.e.m.c.i.embedder.EclipseLogger - Copying 0 resource
2023-06-17 17:52:58,788 [Worker-16: ビルド] INFO  o.e.m.c.i.embedder.EclipseLogger - Copying 1 resource
2023-06-17 17:52:58,836 [Worker-16: ビルド] INFO  o.e.m.c.i.embedder.EclipseLogger - Using 'UTF-8' encoding to copy filtered resources.
2023-06-17 17:52:58,836 [Worker-16: ビルド] INFO  o.e.m.c.i.embedder.EclipseLogger - Using 'UTF-8' encoding to copy filtered properties files.
2023-06-17 17:52:58,836 [Worker-16: ビルド] INFO  o.e.m.c.i.embedder.EclipseLogger - skip non existing resourceDirectory /Users/katsumatayuusuke/git/JavaStudy/web/src/test/resources
2023-06-17 17:52:59,884 [Worker-16: ビルド] INFO  o.e.m.c.i.embedder.EclipseLogger - Using 'UTF-8' encoding to copy filtered resources.
2023-06-17 17:52:59,885 [Worker-16: ビルド] INFO  o.e.m.c.i.embedder.EclipseLogger - Using 'UTF-8' encoding to copy filtered properties files.
2023-06-17 17:52:59,885 [Worker-16: ビルド] INFO  o.e.m.c.i.embedder.EclipseLogger - Copying 0 resource
2023-06-17 17:52:59,886 [Worker-16: ビルド] INFO  o.e.m.c.i.embedder.EclipseLogger - Copying 0 resource
2023-06-17 17:52:59,890 [Worker-16: ビルド] INFO  o.e.m.c.i.embedder.EclipseLogger - Using 'UTF-8' encoding to copy filtered resources.
2023-06-17 17:52:59,890 [Worker-16: ビルド] INFO  o.e.m.c.i.embedder.EclipseLogger - Using 'UTF-8' encoding to copy filtered properties files.
2023-06-17 17:52:59,890 [Worker-16: ビルド] INFO  o.e.m.c.i.embedder.EclipseLogger - skip non existing resourceDirectory /Users/katsumatayuusuke/git/JavaStudy/web/src/test/resources
2023-06-17 17:57:29,708 [Worker-6: ビルド] INFO  o.e.m.c.i.embedder.EclipseLogger - Using 'UTF-8' encoding to copy filtered resources.
2023-06-17 17:57:29,721 [Worker-6: ビルド] INFO  o.e.m.c.i.embedder.EclipseLogger - Using 'UTF-8' encoding to copy filtered properties files.
2023-06-17 17:57:29,754 [Worker-6: ビルド] INFO  o.e.m.c.i.embedder.EclipseLogger - Copying 1 resource
2023-06-17 17:57:30,034 [Worker-6: ビルド] INFO  o.e.m.c.i.embedder.EclipseLogger - Copying 6 resources
2023-06-17 17:57:30,042 [Worker-6: ビルド] INFO  o.e.m.c.i.embedder.EclipseLogger - Using 'UTF-8' encoding to copy filtered resources.
2023-06-17 17:57:30,042 [Worker-6: ビルド] INFO  o.e.m.c.i.embedder.EclipseLogger - Using 'UTF-8' encoding to copy filtered properties files.
2023-06-17 17:57:30,043 [Worker-6: ビルド] INFO  o.e.m.c.i.embedder.EclipseLogger - skip non existing resourceDirectory /Users/katsumatayuusuke/git/JavaStudy/web/src/test/resources
2023-06-17 17:58:03,728 [Worker-22: ビルド] INFO  o.e.m.c.i.embedder.EclipseLogger - Using 'UTF-8' encoding to copy filtered resources.
2023-06-17 17:58:03,729 [Worker-22: ビルド] INFO  o.e.m.c.i.embedder.EclipseLogger - Using 'UTF-8' encoding to copy filtered properties files.
2023-06-17 17:58:03,733 [Worker-22: ビルド] INFO  o.e.m.c.i.embedder.EclipseLogger - Copying 0 resource
2023-06-17 17:58:03,734 [Worker-22: ビルド] INFO  o.e.m.c.i.embedder.EclipseLogger - Copying 1 resource
2023-06-17 17:58:03,756 [Worker-22: ビルド] INFO  o.e.m.c.i.embedder.EclipseLogger - Using 'UTF-8' encoding to copy filtered resources.
2023-06-17 17:58:03,756 [Worker-22: ビルド] INFO  o.e.m.c.i.embedder.EclipseLogger - Using 'UTF-8' encoding to copy filtered properties files.
2023-06-17 17:58:03,756 [Worker-22: ビルド] INFO  o.e.m.c.i.embedder.EclipseLogger - skip non existing resourceDirectory /Users/katsumatayuusuke/git/JavaStudy/web/src/test/resources
2023-06-17 17:58:28,325 [Text Viewer Hover Presenter] INFO  o.t.e.e.d.ProjectDependencyDialectLocator - Scanning for dialect help files on project dependencies
2023-06-17 17:58:29,039 [pool-8-thread-7] INFO  o.t.e.e.d.ProjectDependencyDialectLocator - Help file found: Standard-Dialect.xml
2023-06-17 17:58:29,040 [pool-8-thread-8] INFO  o.t.e.e.d.ProjectDependencyDialectLocator - Help file found: Java8Time.xml
2023-06-17 17:58:36,215 [Worker-22: ビルド] INFO  o.e.m.c.i.embedder.EclipseLogger - Using 'UTF-8' encoding to copy filtered resources.
2023-06-17 17:58:36,216 [Worker-22: ビルド] INFO  o.e.m.c.i.embedder.EclipseLogger - Using 'UTF-8' encoding to copy filtered properties files.
2023-06-17 17:58:36,218 [Worker-22: ビルド] INFO  o.e.m.c.i.embedder.EclipseLogger - Copying 0 resource
2023-06-17 17:58:36,218 [Worker-22: ビルド] INFO  o.e.m.c.i.embedder.EclipseLogger - Copying 1 resource
2023-06-17 17:58:36,231 [Worker-22: ビルド] INFO  o.e.m.c.i.embedder.EclipseLogger - Using 'UTF-8' encoding to copy filtered resources.
2023-06-17 17:58:36,239 [Worker-22: ビルド] INFO  o.e.m.c.i.embedder.EclipseLogger - Using 'UTF-8' encoding to copy filtered properties files.
2023-06-17 17:58:36,239 [Worker-22: ビルド] INFO  o.e.m.c.i.embedder.EclipseLogger - skip non existing resourceDirectory /Users/katsumatayuusuke/git/JavaStudy/web/src/test/resources
2023-06-17 17:59:03,387 [Worker-20: ビルド] INFO  o.e.m.c.i.embedder.EclipseLogger - Using 'UTF-8' encoding to copy filtered resources.
2023-06-17 17:59:03,387 [Worker-20: ビルド] INFO  o.e.m.c.i.embedder.EclipseLogger - Using 'UTF-8' encoding to copy filtered properties files.
2023-06-17 17:59:03,388 [Worker-20: ビルド] INFO  o.e.m.c.i.embedder.EclipseLogger - Copying 0 resource
2023-06-17 17:59:03,389 [Worker-20: ビルド] INFO  o.e.m.c.i.embedder.EclipseLogger - Copying 1 resource
2023-06-17 17:59:03,398 [Worker-20: ビルド] INFO  o.e.m.c.i.embedder.EclipseLogger - Using 'UTF-8' encoding to copy filtered resources.
2023-06-17 17:59:03,398 [Worker-20: ビルド] INFO  o.e.m.c.i.embedder.EclipseLogger - Using 'UTF-8' encoding to copy filtered properties files.
2023-06-17 17:59:03,398 [Worker-20: ビルド] INFO  o.e.m.c.i.embedder.EclipseLogger - skip non existing resourceDirectory /Users/katsumatayuusuke/git/JavaStudy/web/src/test/resources
2023-06-17 17:59:41,404 [Worker-23: ビルド] INFO  o.e.m.c.i.embedder.EclipseLogger - Using 'UTF-8' encoding to copy filtered resources.
2023-06-17 17:59:41,405 [Worker-23: ビルド] INFO  o.e.m.c.i.embedder.EclipseLogger - Using 'UTF-8' encoding to copy filtered properties files.
2023-06-17 17:59:41,407 [Worker-23: ビルド] INFO  o.e.m.c.i.embedder.EclipseLogger - Copying 0 resource
2023-06-17 17:59:41,408 [Worker-23: ビルド] INFO  o.e.m.c.i.embedder.EclipseLogger - Copying 1 resource
2023-06-17 17:59:41,412 [Worker-23: ビルド] INFO  o.e.m.c.i.embedder.EclipseLogger - Using 'UTF-8' encoding to copy filtered resources.
2023-06-17 17:59:41,412 [Worker-23: ビルド] INFO  o.e.m.c.i.embedder.EclipseLogger - Using 'UTF-8' encoding to copy filtered properties files.
2023-06-17 17:59:41,412 [Worker-23: ビルド] INFO  o.e.m.c.i.embedder.EclipseLogger - skip non existing resourceDirectory /Users/katsumatayuusuke/git/JavaStudy/web/src/test/resources
2023-06-17 18:00:17,473 [main] INFO  o.t.e.e.d.ProjectDependencyDialectLocator - Scanning for dialect help files on project dependencies
2023-06-17 18:00:17,563 [pool-9-thread-1] INFO  o.t.e.e.d.ProjectDependencyDialectLocator - Help file found: Java8Time.xml
2023-06-17 18:00:17,563 [pool-9-thread-8] INFO  o.t.e.e.d.ProjectDependencyDialectLocator - Help file found: Standard-Dialect.xml
2023-06-17 18:00:54,299 [Worker-22: ビルド] INFO  o.e.m.c.i.embedder.EclipseLogger - Using 'UTF-8' encoding to copy filtered resources.
2023-06-17 18:00:54,302 [Worker-22: ビルド] INFO  o.e.m.c.i.embedder.EclipseLogger - Using 'UTF-8' encoding to copy filtered properties files.
2023-06-17 18:00:54,306 [Worker-22: ビルド] INFO  o.e.m.c.i.embedder.EclipseLogger - Copying 0 resource
2023-06-17 18:00:54,310 [Worker-22: ビルド] INFO  o.e.m.c.i.embedder.EclipseLogger - Copying 1 resource
2023-06-17 18:00:54,337 [Worker-22: ビルド] INFO  o.e.m.c.i.embedder.EclipseLogger - Using 'UTF-8' encoding to copy filtered resources.
2023-06-17 18:00:54,338 [Worker-22: ビルド] INFO  o.e.m.c.i.embedder.EclipseLogger - Using 'UTF-8' encoding to copy filtered properties files.
2023-06-17 18:00:54,338 [Worker-22: ビルド] INFO  o.e.m.c.i.embedder.EclipseLogger - skip non existing resourceDirectory /Users/katsumatayuusuke/git/JavaStudy/web/src/test/resources
2023-06-17 18:01:21,642 [Worker-23: ビルド] INFO  o.e.m.c.i.embedder.EclipseLogger - Using 'UTF-8' encoding to copy filtered resources.
2023-06-17 18:01:21,643 [Worker-23: ビルド] INFO  o.e.m.c.i.embedder.EclipseLogger - Using 'UTF-8' encoding to copy filtered properties files.
2023-06-17 18:01:21,648 [Worker-23: ビルド] INFO  o.e.m.c.i.embedder.EclipseLogger - Copying 0 resource
2023-06-17 18:01:21,649 [Worker-23: ビルド] INFO  o.e.m.c.i.embedder.EclipseLogger - Copying 1 resource
2023-06-17 18:01:21,662 [Worker-23: ビルド] INFO  o.e.m.c.i.embedder.EclipseLogger - Using 'UTF-8' encoding to copy filtered resources.
2023-06-17 18:01:21,662 [Worker-23: ビルド] INFO  o.e.m.c.i.embedder.EclipseLogger - Using 'UTF-8' encoding to copy filtered properties files.
2023-06-17 18:01:21,662 [Worker-23: ビルド] INFO  o.e.m.c.i.embedder.EclipseLogger - skip non existing resourceDirectory /Users/katsumatayuusuke/git/JavaStudy/web/src/test/resources
2023-06-17 18:01:31,353 [Worker-10: ビルド] INFO  o.e.m.c.i.embedder.EclipseLogger - Using 'UTF-8' encoding to copy filtered resources.
2023-06-17 18:01:31,354 [Worker-10: ビルド] INFO  o.e.m.c.i.embedder.EclipseLogger - Using 'UTF-8' encoding to copy filtered properties files.
2023-06-17 18:01:31,356 [Worker-10: ビルド] INFO  o.e.m.c.i.embedder.EclipseLogger - Copying 0 resource
2023-06-17 18:01:31,357 [Worker-10: ビルド] INFO  o.e.m.c.i.embedder.EclipseLogger - Copying 1 resource
2023-06-17 18:01:31,375 [Worker-10: ビルド] INFO  o.e.m.c.i.embedder.EclipseLogger - Using 'UTF-8' encoding to copy filtered resources.
2023-06-17 18:01:31,376 [Worker-10: ビルド] INFO  o.e.m.c.i.embedder.EclipseLogger - Using 'UTF-8' encoding to copy filtered properties files.
2023-06-17 18:01:31,376 [Worker-10: ビルド] INFO  o.e.m.c.i.embedder.EclipseLogger - skip non existing resourceDirectory /Users/katsumatayuusuke/git/JavaStudy/web/src/test/resources
2023-06-17 18:01:38,941 [Worker-6: ビルド] INFO  o.e.m.c.i.embedder.EclipseLogger - Using 'UTF-8' encoding to copy filtered resources.
2023-06-17 18:01:38,941 [Worker-6: ビルド] INFO  o.e.m.c.i.embedder.EclipseLogger - Using 'UTF-8' encoding to copy filtered properties files.
2023-06-17 18:01:38,942 [Worker-6: ビルド] INFO  o.e.m.c.i.embedder.EclipseLogger - Copying 0 resource
2023-06-17 18:01:38,943 [Worker-6: ビルド] INFO  o.e.m.c.i.embedder.EclipseLogger - Copying 1 resource
2023-06-17 18:01:38,955 [Worker-6: ビルド] INFO  o.e.m.c.i.embedder.EclipseLogger - Using 'UTF-8' encoding to copy filtered resources.
2023-06-17 18:01:38,955 [Worker-6: ビルド] INFO  o.e.m.c.i.embedder.EclipseLogger - Using 'UTF-8' encoding to copy filtered properties files.
2023-06-17 18:01:38,955 [Worker-6: ビルド] INFO  o.e.m.c.i.embedder.EclipseLogger - skip non existing resourceDirectory /Users/katsumatayuusuke/git/JavaStudy/web/src/test/resources
2023-06-17 18:03:30,722 [Worker-10: ビルド] INFO  o.e.m.c.i.embedder.EclipseLogger - Using 'UTF-8' encoding to copy filtered resources.
2023-06-17 18:03:30,724 [Worker-10: ビルド] INFO  o.e.m.c.i.embedder.EclipseLogger - Using 'UTF-8' encoding to copy filtered properties files.
2023-06-17 18:03:30,726 [Worker-10: ビルド] INFO  o.e.m.c.i.embedder.EclipseLogger - Copying 1 resource
2023-06-17 18:03:30,859 [Worker-10: ビルド] INFO  o.e.m.c.i.embedder.EclipseLogger - Copying 6 resources
2023-06-17 18:03:30,873 [Worker-10: ビルド] INFO  o.e.m.c.i.embedder.EclipseLogger - Using 'UTF-8' encoding to copy filtered resources.
2023-06-17 18:03:30,873 [Worker-10: ビルド] INFO  o.e.m.c.i.embedder.EclipseLogger - Using 'UTF-8' encoding to copy filtered properties files.
2023-06-17 18:03:30,873 [Worker-10: ビルド] INFO  o.e.m.c.i.embedder.EclipseLogger - skip non existing resourceDirectory /Users/katsumatayuusuke/git/JavaStudy/web/src/test/resources
2023-06-17 18:05:07,112 [Worker-19: ビルド] INFO  o.e.m.c.i.embedder.EclipseLogger - Using 'UTF-8' encoding to copy filtered resources.
2023-06-17 18:05:07,114 [Worker-19: ビルド] INFO  o.e.m.c.i.embedder.EclipseLogger - Using 'UTF-8' encoding to copy filtered properties files.
2023-06-17 18:05:07,117 [Worker-19: ビルド] INFO  o.e.m.c.i.embedder.EclipseLogger - Copying 1 resource
2023-06-17 18:05:07,225 [Worker-19: ビルド] INFO  o.e.m.c.i.embedder.EclipseLogger - Copying 6 resources
2023-06-17 18:05:07,231 [Worker-19: ビルド] INFO  o.e.m.c.i.embedder.EclipseLogger - Using 'UTF-8' encoding to copy filtered resources.
2023-06-17 18:05:07,232 [Worker-19: ビルド] INFO  o.e.m.c.i.embedder.EclipseLogger - Using 'UTF-8' encoding to copy filtered properties files.
2023-06-17 18:05:07,232 [Worker-19: ビルド] INFO  o.e.m.c.i.embedder.EclipseLogger - skip non existing resourceDirectory /Users/katsumatayuusuke/git/JavaStudy/web/src/test/resources
2023-06-17 18:06:09,045 [Worker-26: ビルド] INFO  o.e.m.c.i.embedder.EclipseLogger - Using 'UTF-8' encoding to copy filtered resources.
2023-06-17 18:06:09,048 [Worker-26: ビルド] INFO  o.e.m.c.i.embedder.EclipseLogger - Using 'UTF-8' encoding to copy filtered properties files.
2023-06-17 18:06:09,051 [Worker-26: ビルド] INFO  o.e.m.c.i.embedder.EclipseLogger - Copying 1 resource
2023-06-17 18:06:09,075 [Worker-26: ビルド] INFO  o.e.m.c.i.embedder.EclipseLogger - Copying 6 resources
2023-06-17 18:06:09,078 [Worker-26: ビルド] INFO  o.e.m.c.i.embedder.EclipseLogger - Using 'UTF-8' encoding to copy filtered resources.
2023-06-17 18:06:09,078 [Worker-26: ビルド] INFO  o.e.m.c.i.embedder.EclipseLogger - Using 'UTF-8' encoding to copy filtered properties files.
2023-06-17 18:06:09,078 [Worker-26: ビルド] INFO  o.e.m.c.i.embedder.EclipseLogger - skip non existing resourceDirectory /Users/katsumatayuusuke/git/JavaStudy/web/src/test/resources
2023-06-17 18:06:12,951 [Worker-19: ビルド] INFO  o.e.m.c.i.embedder.EclipseLogger - Using 'UTF-8' encoding to copy filtered resources.
2023-06-17 18:06:12,952 [Worker-19: ビルド] INFO  o.e.m.c.i.embedder.EclipseLogger - Using 'UTF-8' encoding to copy filtered properties files.
2023-06-17 18:06:12,952 [Worker-19: ビルド] INFO  o.e.m.c.i.embedder.EclipseLogger - Copying 1 resource
2023-06-17 18:06:12,980 [Worker-19: ビルド] INFO  o.e.m.c.i.embedder.EclipseLogger - Copying 6 resources
2023-06-17 18:06:12,984 [Worker-19: ビルド] INFO  o.e.m.c.i.embedder.EclipseLogger - Using 'UTF-8' encoding to copy filtered resources.
2023-06-17 18:06:12,985 [Worker-19: ビルド] INFO  o.e.m.c.i.embedder.EclipseLogger - Using 'UTF-8' encoding to copy filtered properties files.
2023-06-17 18:06:12,985 [Worker-19: ビルド] INFO  o.e.m.c.i.embedder.EclipseLogger - skip non existing resourceDirectory /Users/katsumatayuusuke/git/JavaStudy/web/src/test/resources
2023-06-17 18:11:00,679 [Worker-23: ビルド] INFO  o.e.m.c.i.embedder.EclipseLogger - Using 'UTF-8' encoding to copy filtered resources.
2023-06-17 18:11:00,682 [Worker-23: ビルド] INFO  o.e.m.c.i.embedder.EclipseLogger - Using 'UTF-8' encoding to copy filtered properties files.
2023-06-17 18:11:00,685 [Worker-23: ビルド] INFO  o.e.m.c.i.embedder.EclipseLogger - Copying 1 resource
2023-06-17 18:11:00,769 [Worker-23: ビルド] INFO  o.e.m.c.i.embedder.EclipseLogger - Copying 6 resources
2023-06-17 18:11:00,810 [Worker-23: ビルド] INFO  o.e.m.c.i.embedder.EclipseLogger - Using 'UTF-8' encoding to copy filtered resources.
2023-06-17 18:11:00,810 [Worker-23: ビルド] INFO  o.e.m.c.i.embedder.EclipseLogger - Using 'UTF-8' encoding to copy filtered properties files.
2023-06-17 18:11:00,810 [Worker-23: ビルド] INFO  o.e.m.c.i.embedder.EclipseLogger - skip non existing resourceDirectory /Users/katsumatayuusuke/git/JavaStudy/web/src/test/resources
2023-06-17 18:16:52,322 [Worker-26: ビルド] INFO  o.e.m.c.i.embedder.EclipseLogger - Using 'UTF-8' encoding to copy filtered resources.
2023-06-17 18:16:52,329 [Worker-26: ビルド] INFO  o.e.m.c.i.embedder.EclipseLogger - Using 'UTF-8' encoding to copy filtered properties files.
2023-06-17 18:16:52,335 [Worker-26: ビルド] INFO  o.e.m.c.i.embedder.EclipseLogger - Copying 1 resource
2023-06-17 18:16:52,664 [Worker-26: ビルド] INFO  o.e.m.c.i.embedder.EclipseLogger - Copying 6 resources
2023-06-17 18:16:52,672 [Worker-26: ビルド] INFO  o.e.m.c.i.embedder.EclipseLogger - Using 'UTF-8' encoding to copy filtered resources.
2023-06-17 18:16:52,672 [Worker-26: ビルド] INFO  o.e.m.c.i.embedder.EclipseLogger - Using 'UTF-8' encoding to copy filtered properties files.
2023-06-17 18:16:52,672 [Worker-26: ビルド] INFO  o.e.m.c.i.embedder.EclipseLogger - skip non existing resourceDirectory /Users/katsumatayuusuke/git/JavaStudy/web/src/test/resources
2023-06-17 18:19:17,074 [Worker-22: ビルド] INFO  o.e.m.c.i.embedder.EclipseLogger - Using 'UTF-8' encoding to copy filtered resources.
2023-06-17 18:19:17,076 [Worker-22: ビルド] INFO  o.e.m.c.i.embedder.EclipseLogger - Using 'UTF-8' encoding to copy filtered properties files.
2023-06-17 18:19:17,081 [Worker-22: ビルド] INFO  o.e.m.c.i.embedder.EclipseLogger - Copying 1 resource
2023-06-17 18:19:17,122 [Worker-22: ビルド] INFO  o.e.m.c.i.embedder.EclipseLogger - Copying 6 resources
2023-06-17 18:19:17,127 [Worker-22: ビルド] INFO  o.e.m.c.i.embedder.EclipseLogger - Using 'UTF-8' encoding to copy filtered resources.
2023-06-17 18:19:17,127 [Worker-22: ビルド] INFO  o.e.m.c.i.embedder.EclipseLogger - Using 'UTF-8' encoding to copy filtered properties files.
2023-06-17 18:19:17,127 [Worker-22: ビルド] INFO  o.e.m.c.i.embedder.EclipseLogger - skip non existing resourceDirectory /Users/katsumatayuusuke/git/JavaStudy/web/src/test/resources
